TN:
SF:src/assets/faqs.js
FNF:0
FNH:0
BRDA:1,0,0,1
BRF:1
BRH:1
DA:1,1
DA:2,1
DA:3,1
DA:4,1
DA:5,1
DA:6,1
DA:7,1
DA:8,1
DA:9,1
DA:10,1
DA:11,1
DA:12,1
DA:13,1
DA:14,1
DA:15,1
DA:16,1
DA:17,1
DA:18,1
DA:19,1
DA:20,1
DA:21,1
DA:22,1
DA:23,1
DA:24,1
DA:25,1
DA:26,1
DA:27,1
DA:28,1
DA:29,1
DA:30,1
DA:31,1
DA:32,1
DA:33,1
DA:34,1
DA:35,1
DA:36,1
LH:36
LF:36
end_of_record
SF:src/models/auditLogModel.js
FNF:0
FNH:0
BRDA:1,0,0,6
BRF:1
BRH:1
DA:1,6
DA:2,6
DA:3,6
DA:4,6
DA:5,6
DA:6,6
DA:7,6
DA:8,6
DA:9,6
DA:10,6
DA:11,6
DA:12,6
DA:13,6
DA:14,6
DA:15,6
DA:16,6
DA:17,6
DA:18,6
DA:19,6
DA:20,6
DA:21,6
DA:22,6
DA:23,6
DA:24,6
DA:25,6
DA:26,6
DA:27,6
DA:28,6
DA:29,6
DA:30,6
DA:31,6
DA:32,6
DA:33,6
DA:34,6
DA:35,6
DA:36,6
DA:37,6
DA:38,6
DA:39,6
DA:40,6
DA:41,6
DA:42,6
DA:43,6
DA:44,6
DA:45,6
DA:46,6
DA:47,6
DA:48,6
DA:49,6
DA:50,6
DA:51,6
DA:52,6
DA:53,6
DA:54,6
DA:55,6
DA:56,6
DA:57,6
DA:58,6
DA:59,6
DA:60,6
DA:61,6
DA:62,6
DA:63,6
LH:63
LF:63
end_of_record
SF:src/models/bookingModel.js
FN:7,isPurchase
FN:156,anonymous_1
FNDA:8,isPurchase
FNDA:3,anonymous_1
FNF:2
FNH:2
BRDA:1,0,0,9
BRDA:7,1,0,8
BRDA:156,2,0,3
BRF:3
BRH:3
DA:1,9
DA:2,9
DA:3,9
DA:4,9
DA:5,9
DA:6,9
DA:7,9
DA:8,8
DA:9,9
DA:10,9
DA:11,9
DA:12,9
DA:13,9
DA:14,9
DA:15,9
DA:16,9
DA:17,9
DA:18,9
DA:19,9
DA:20,9
DA:21,9
DA:22,9
DA:23,9
DA:24,9
DA:25,9
DA:26,9
DA:27,9
DA:28,9
DA:29,9
DA:30,9
DA:31,9
DA:32,9
DA:33,9
DA:34,9
DA:35,9
DA:36,9
DA:37,9
DA:38,9
DA:39,9
DA:40,9
DA:41,9
DA:42,9
DA:43,9
DA:44,9
DA:45,9
DA:46,9
DA:47,9
DA:48,9
DA:49,9
DA:50,9
DA:51,9
DA:52,9
DA:53,9
DA:54,9
DA:55,9
DA:56,9
DA:57,9
DA:58,9
DA:59,9
DA:60,9
DA:61,9
DA:62,9
DA:63,9
DA:64,9
DA:65,9
DA:66,9
DA:67,9
DA:68,9
DA:69,9
DA:70,9
DA:71,9
DA:72,9
DA:73,9
DA:74,9
DA:75,9
DA:76,9
DA:77,9
DA:78,9
DA:79,9
DA:80,9
DA:81,9
DA:82,9
DA:83,9
DA:84,9
DA:85,9
DA:86,9
DA:87,9
DA:88,9
DA:89,9
DA:90,9
DA:91,9
DA:92,9
DA:93,9
DA:94,9
DA:95,9
DA:96,9
DA:97,9
DA:98,9
DA:99,9
DA:100,9
DA:101,9
DA:102,9
DA:103,9
DA:104,9
DA:105,9
DA:106,9
DA:107,9
DA:108,9
DA:109,9
DA:110,9
DA:111,9
DA:112,9
DA:113,9
DA:114,9
DA:115,9
DA:116,9
DA:117,9
DA:118,9
DA:119,9
DA:120,9
DA:121,9
DA:122,9
DA:123,9
DA:124,9
DA:125,9
DA:126,9
DA:127,9
DA:128,9
DA:129,9
DA:130,9
DA:131,9
DA:132,9
DA:133,9
DA:134,9
DA:135,9
DA:136,9
DA:137,9
DA:138,9
DA:139,9
DA:140,9
DA:141,9
DA:142,9
DA:143,9
DA:144,9
DA:145,9
DA:146,9
DA:147,9
DA:148,9
DA:149,9
DA:150,9
DA:151,9
DA:152,9
DA:153,9
DA:154,9
DA:155,9
DA:156,9
DA:157,3
DA:158,9
DA:159,9
DA:160,9
DA:161,9
DA:162,9
DA:163,9
DA:164,9
DA:165,9
DA:166,9
DA:167,9
DA:168,9
DA:169,9
DA:170,9
DA:171,9
DA:172,9
DA:173,9
DA:174,9
DA:175,9
DA:176,9
DA:177,9
LH:177
LF:177
end_of_record
SF:src/models/eventModel.js
FN:6,requiredForTicketedEvent
FN:238,endOfDay
FN:244,anonymous_2
FN:256,anonymous_3
FN:262,anonymous_4
FN:267,anonymous_5
FNDA:4,requiredForTicketedEvent
FNDA:4,endOfDay
FNDA:8,anonymous_2
FNDA:0,anonymous_3
FNDA:0,anonymous_4
FNDA:0,anonymous_5
FNF:6
FNH:3
BRDA:1,0,0,8
BRDA:6,1,0,4
BRDA:238,2,0,4
BRDA:244,3,0,8
BRDA:245,4,0,7
BRDA:245,5,0,2
BRDA:245,6,0,6
BRDA:248,7,0,2
BRDA:248,8,0,4
BRDA:249,9,0,3
BRDA:249,10,0,1
BRF:11
BRH:11
DA:1,8
DA:2,8
DA:3,8
DA:4,8
DA:5,8
DA:6,4
DA:7,4
DA:8,4
DA:9,8
DA:10,8
DA:11,8
DA:12,8
DA:13,8
DA:14,8
DA:15,8
DA:16,8
DA:17,8
DA:18,8
DA:19,8
DA:20,8
DA:21,8
DA:22,8
DA:23,8
DA:24,8
DA:25,8
DA:26,8
DA:27,8
DA:28,8
DA:29,8
DA:30,8
DA:31,8
DA:32,8
DA:33,8
DA:34,8
DA:35,8
DA:36,8
DA:37,8
DA:38,8
DA:39,8
DA:40,8
DA:41,8
DA:42,8
DA:43,8
DA:44,8
DA:45,8
DA:46,8
DA:47,8
DA:48,8
DA:49,8
DA:50,8
DA:51,8
DA:52,8
DA:53,8
DA:54,8
DA:55,8
DA:56,8
DA:57,8
DA:58,8
DA:59,8
DA:60,8
DA:61,8
DA:62,8
DA:63,8
DA:64,8
DA:65,8
DA:66,8
DA:67,8
DA:68,8
DA:69,8
DA:70,8
DA:71,8
DA:72,8
DA:73,8
DA:74,8
DA:75,8
DA:76,8
DA:77,8
DA:78,8
DA:79,8
DA:80,8
DA:81,8
DA:82,8
DA:83,8
DA:84,8
DA:85,8
DA:86,8
DA:87,8
DA:88,8
DA:89,8
DA:90,8
DA:91,8
DA:92,8
DA:93,8
DA:94,8
DA:95,8
DA:96,8
DA:97,8
DA:98,8
DA:99,8
DA:100,8
DA:101,8
DA:102,8
DA:103,8
DA:104,8
DA:105,8
DA:106,8
DA:107,8
DA:108,8
DA:109,8
DA:110,8
DA:111,8
DA:112,8
DA:113,8
DA:114,8
DA:115,8
DA:116,8
DA:117,8
DA:118,8
DA:119,8
DA:120,8
DA:121,8
DA:122,8
DA:123,8
DA:124,8
DA:125,8
DA:126,8
DA:127,8
DA:128,8
DA:129,8
DA:130,8
DA:131,8
DA:132,8
DA:133,8
DA:134,8
DA:135,8
DA:136,8
DA:137,8
DA:138,8
DA:139,8
DA:140,8
DA:141,8
DA:142,8
DA:143,8
DA:144,8
DA:145,8
DA:146,8
DA:147,8
DA:148,8
DA:149,8
DA:150,8
DA:151,8
DA:152,8
DA:153,8
DA:154,8
DA:155,8
DA:156,8
DA:157,8
DA:158,8
DA:159,8
DA:160,8
DA:161,8
DA:162,8
DA:163,8
DA:164,8
DA:165,8
DA:166,8
DA:167,8
DA:168,8
DA:169,8
DA:170,8
DA:171,8
DA:172,8
DA:173,8
DA:174,8
DA:175,8
DA:176,8
DA:177,8
DA:178,8
DA:179,8
DA:180,8
DA:181,8
DA:182,8
DA:183,8
DA:184,8
DA:185,8
DA:186,8
DA:187,8
DA:188,8
DA:189,8
DA:190,8
DA:191,8
DA:192,8
DA:193,8
DA:194,8
DA:195,8
DA:196,8
DA:197,8
DA:198,8
DA:199,8
DA:200,8
DA:201,8
DA:202,8
DA:203,8
DA:204,8
DA:205,8
DA:206,8
DA:207,8
DA:208,8
DA:209,8
DA:210,8
DA:211,8
DA:212,8
DA:213,8
DA:214,8
DA:215,8
DA:216,8
DA:217,8
DA:218,8
DA:219,8
DA:220,8
DA:221,8
DA:222,8
DA:223,8
DA:224,8
DA:225,8
DA:226,8
DA:227,8
DA:228,8
DA:229,8
DA:230,8
DA:231,8
DA:232,8
DA:233,8
DA:234,8
DA:235,8
DA:236,8
DA:237,8
DA:238,8
DA:239,4
DA:240,4
DA:241,4
DA:242,8
DA:243,8
DA:244,8
DA:245,8
DA:246,6
DA:247,6
DA:248,8
DA:249,8
DA:250,1
DA:251,8
DA:252,8
DA:253,8
DA:254,8
DA:255,8
DA:256,8
DA:257,0
DA:258,0
DA:259,0
DA:260,8
DA:261,8
DA:262,8
DA:263,0
DA:264,0
DA:265,8
DA:266,8
DA:267,8
DA:268,0
DA:269,0
DA:270,0
DA:271,0
DA:272,0
DA:273,0
DA:274,0
DA:275,0
DA:276,0
DA:277,0
DA:278,0
DA:279,0
DA:280,0
DA:281,0
DA:282,0
DA:283,0
DA:284,0
DA:285,0
DA:286,8
DA:287,8
DA:288,8
DA:289,8
DA:290,8
LH:267
LF:290
end_of_record
SF:src/models/guestModel.js
FNF:0
FNH:0
BRDA:1,0,0,7
BRF:1
BRH:1
DA:1,7
DA:2,7
DA:3,7
DA:4,7
DA:5,7
DA:6,7
DA:7,7
DA:8,7
DA:9,7
DA:10,7
DA:11,7
DA:12,7
DA:13,7
DA:14,7
DA:15,7
DA:16,7
DA:17,7
DA:18,7
DA:19,7
DA:20,7
DA:21,7
DA:22,7
DA:23,7
DA:24,7
DA:25,7
DA:26,7
DA:27,7
DA:28,7
DA:29,7
DA:30,7
DA:31,7
DA:32,7
DA:33,7
DA:34,7
DA:35,7
DA:36,7
DA:37,7
DA:38,7
DA:39,7
DA:40,7
DA:41,7
DA:42,7
DA:43,7
DA:44,7
DA:45,7
DA:46,7
DA:47,7
DA:48,7
DA:49,7
DA:50,7
DA:51,7
DA:52,7
DA:53,7
DA:54,7
DA:55,7
DA:56,7
DA:57,7
DA:58,7
DA:59,7
DA:60,7
LH:60
LF:60
end_of_record
SF:src/models/messageModel.js
FNF:0
FNH:0
BRDA:1,0,0,2
BRF:1
BRH:1
DA:1,2
DA:2,2
DA:3,2
DA:4,2
DA:5,2
DA:6,2
DA:7,2
DA:8,2
DA:9,2
DA:10,2
DA:11,2
DA:12,2
DA:13,2
DA:14,2
DA:15,2
DA:16,2
DA:17,2
DA:18,2
DA:19,2
DA:20,2
DA:21,2
DA:22,2
DA:23,2
DA:24,2
DA:25,2
DA:26,2
DA:27,2
DA:28,2
DA:29,2
DA:30,2
DA:31,2
DA:32,2
DA:33,2
DA:34,2
DA:35,2
DA:36,2
DA:37,2
DA:38,2
DA:39,2
DA:40,2
DA:41,2
DA:42,2
DA:43,2
LH:43
LF:43
end_of_record
SF:src/models/userModel.js
FN:87,validator
FN:114,anonymous_1
FN:119,anonymous_2
FN:126,anonymous_3
FN:132,anonymous_4
FN:137,userSchema.methods.correctPassword
FN:144,userSchema.methods.changedPasswordAfter
FN:152,userSchema.methods.createPasswordResetToken
FNDA:0,validator
FNDA:0,anonymous_1
FNDA:0,anonymous_2
FNDA:0,anonymous_3
FNDA:0,anonymous_4
FNDA:0,userSchema.methods.correctPassword
FNDA:0,userSchema.methods.changedPasswordAfter
FNDA:0,userSchema.methods.createPasswordResetToken
FNF:8
FNH:0
BRDA:1,0,0,9
BRF:1
BRH:1
DA:1,9
DA:2,9
DA:3,9
DA:4,9
DA:5,9
DA:6,9
DA:7,9
DA:8,9
DA:9,9
DA:10,9
DA:11,9
DA:12,9
DA:13,9
DA:14,9
DA:15,9
DA:16,9
DA:17,9
DA:18,9
DA:19,9
DA:20,9
DA:21,9
DA:22,9
DA:23,9
DA:24,9
DA:25,9
DA:26,9
DA:27,9
DA:28,9
DA:29,9
DA:30,9
DA:31,9
DA:32,9
DA:33,9
DA:34,9
DA:35,9
DA:36,9
DA:37,9
DA:38,9
DA:39,9
DA:40,9
DA:41,9
DA:42,9
DA:43,9
DA:44,9
DA:45,9
DA:46,9
DA:47,9
DA:48,9
DA:49,9
DA:50,9
DA:51,9
DA:52,9
DA:53,9
DA:54,9
DA:55,9
DA:56,9
DA:57,9
DA:58,9
DA:59,9
DA:60,9
DA:61,9
DA:62,9
DA:63,9
DA:64,9
DA:65,9
DA:66,9
DA:67,9
DA:68,9
DA:69,9
DA:70,9
DA:71,9
DA:72,9
DA:73,9
DA:74,9
DA:75,9
DA:76,9
DA:77,9
DA:78,9
DA:79,9
DA:80,9
DA:81,9
DA:82,9
DA:83,9
DA:84,9
DA:85,9
DA:86,9
DA:87,9
DA:88,0
DA:89,9
DA:90,9
DA:91,9
DA:92,9
DA:93,9
DA:94,9
DA:95,9
DA:96,9
DA:97,9
DA:98,9
DA:99,9
DA:100,9
DA:101,9
DA:102,9
DA:103,9
DA:104,9
DA:105,9
DA:106,9
DA:107,9
DA:108,9
DA:109,9
DA:110,9
DA:111,9
DA:112,9
DA:113,9
DA:114,9
DA:115,0
DA:116,0
DA:117,9
DA:118,9
DA:119,9
DA:120,0
DA:121,0
DA:122,0
DA:123,0
DA:124,9
DA:125,9
DA:126,9
DA:127,0
DA:128,0
DA:129,0
DA:130,9
DA:131,9
DA:132,9
DA:133,0
DA:134,0
DA:135,9
DA:136,9
DA:137,9
DA:138,0
DA:139,0
DA:140,0
DA:141,0
DA:142,9
DA:143,9
DA:144,9
DA:145,0
DA:146,0
DA:147,0
DA:148,0
DA:149,0
DA:150,9
DA:151,9
DA:152,9
DA:153,0
DA:154,0
DA:155,0
DA:156,0
DA:157,0
DA:158,0
DA:159,0
DA:160,0
DA:161,0
DA:162,0
DA:163,0
DA:164,9
DA:165,9
DA:166,9
DA:167,9
DA:168,9
LH:136
LF:168
end_of_record
SF:src/repositories/auditLogRepository.js
FN:13,record
FN:24,findByEvent
FNDA:0,record
FNDA:0,findByEvent
FNF:2
FNH:0
BRDA:1,0,0,5
BRF:1
BRH:1
DA:1,5
DA:2,5
DA:3,5
DA:4,5
DA:5,5
DA:6,5
DA:7,5
DA:8,5
DA:9,5
DA:10,5
DA:11,5
DA:12,5
DA:13,5
DA:14,0
DA:15,0
DA:16,0
DA:17,0
DA:18,0
DA:19,5
DA:20,5
DA:21,5
DA:22,5
DA:23,5
DA:24,5
DA:25,5
LH:20
LF:25
end_of_record
SF:src/repositories/bookingRepository.js
FN:9,insertMany
FN:12,create
FN:14,updateById
FN:20,findByIdWithEventOwner
FN:24,findByReference
FN:35,confirmByReference
FN:50,releaseByReference
FN:64,findExpiredPendingReferences
FN:70,findById
FN:72,countByEventAndStatus
FN:82,findPendingByEvent
FN:89,findUnerasedByEvents
FN:94,anonymize
FN:122,ticketIdCandidates
FN:130,findByScanCode
FN:153,admitById
FN:163,findByUser
FN:180,findByEvent
FN:196,findByEventAndEmail
FN:200,findByEventAndEmailWithOtp
FN:207,setNetworkingOtp
FN:213,clearNetworkingOtp
FN:219,findByEventAndUser
FN:231,claimBooking
FN:239,findOptedInByEvent
FN:246,setNetworkingProfile
FN:257,findNotifiableByEvent
FNDA:0,insertMany
FNDA:0,create
FNDA:0,updateById
FNDA:0,findByIdWithEventOwner
FNDA:0,findByReference
FNDA:0,confirmByReference
FNDA:0,releaseByReference
FNDA:0,findExpiredPendingReferences
FNDA:0,findById
FNDA:0,countByEventAndStatus
FNDA:0,findPendingByEvent
FNDA:0,findUnerasedByEvents
FNDA:0,anonymize
FNDA:0,ticketIdCandidates
FNDA:0,findByScanCode
FNDA:0,admitById
FNDA:0,findByUser
FNDA:0,findByEvent
FNDA:0,findByEventAndEmail
FNDA:0,findByEventAndEmailWithOtp
FNDA:0,setNetworkingOtp
FNDA:0,clearNetworkingOtp
FNDA:0,findByEventAndUser
FNDA:0,claimBooking
FNDA:0,findOptedInByEvent
FNDA:0,setNetworkingProfile
FNDA:0,findNotifiableByEvent
FNF:27
FNH:0
BRDA:1,0,0,7
BRF:1
BRH:1
DA:1,7
DA:2,7
DA:3,7
DA:4,7
DA:5,7
DA:6,7
DA:7,7
DA:8,7
DA:9,7
DA:10,7
DA:11,7
DA:12,7
DA:13,7
DA:14,7
DA:15,7
DA:16,7
DA:17,7
DA:18,7
DA:19,7
DA:20,7
DA:21,7
DA:22,7
DA:23,7
DA:24,7
DA:25,7
DA:26,7
DA:27,7
DA:28,7
DA:29,7
DA:30,7
DA:31,7
DA:32,7
DA:33,7
DA:34,7
DA:35,7
DA:36,0
DA:37,0
DA:38,0
DA:39,0
DA:40,0
DA:41,0
DA:42,0
DA:43,7
DA:44,7
DA:45,7
DA:46,7
DA:47,7
DA:48,7
DA:49,7
DA:50,7
DA:51,0
DA:52,0
DA:53,0
DA:54,0
DA:55,0
DA:56,0
DA:57,0
DA:58,7
DA:59,7
DA:60,7
DA:61,7
DA:62,7
DA:63,7
DA:64,7
DA:65,0
DA:66,0
DA:67,0
DA:68,7
DA:69,7
DA:70,7
DA:71,7
DA:72,7
DA:73,0
DA:74,0
DA:75,0
DA:76,7
DA:77,7
DA:78,7
DA:79,7
DA:80,7
DA:81,7
DA:82,7
DA:83,0
DA:84,0
DA:85,0
DA:86,7
DA:87,7
DA:88,7
DA:89,7
DA:90,7
DA:91,7
DA:92,7
DA:93,7
DA:94,7
DA:95,0
DA:96,0
DA:97,0
DA:98,0
DA:99,0
DA:100,0
DA:101,0
DA:102,7
DA:103,7
DA:104,7
DA:105,7
DA:106,7
DA:107,7
DA:108,7
DA:109,7
DA:110,7
DA:111,7
DA:112,7
DA:113,7
DA:114,7
DA:115,7
DA:116,7
DA:117,7
DA:118,7
DA:119,7
DA:120,7
DA:121,7
DA:122,7
DA:123,0
DA:124,0
DA:125,0
DA:126,0
DA:127,0
DA:128,7
DA:129,7
DA:130,7
DA:131,0
DA:132,0
DA:133,0
DA:134,0
DA:135,0
DA:136,0
DA:137,0
DA:138,0
DA:139,0
DA:140,0
DA:141,0
DA:142,0
DA:143,0
DA:144,7
DA:145,7
DA:146,7
DA:147,7
DA:148,7
DA:149,7
DA:150,7
DA:151,7
DA:152,7
DA:153,7
DA:154,0
DA:155,0
DA:156,0
DA:157,0
DA:158,7
DA:159,7
DA:160,7
DA:161,7
DA:162,7
DA:163,7
DA:164,0
DA:165,0
DA:166,0
DA:167,0
DA:168,0
DA:169,0
DA:170,0
DA:171,0
DA:172,0
DA:173,0
DA:174,0
DA:175,7
DA:176,7
DA:177,7
DA:178,7
DA:179,7
DA:180,7
DA:181,0
DA:182,0
DA:183,0
DA:184,0
DA:185,7
DA:186,7
DA:187,7
DA:188,7
DA:189,7
DA:190,7
DA:191,7
DA:192,7
DA:193,7
DA:194,7
DA:195,7
DA:196,7
DA:197,7
DA:198,7
DA:199,7
DA:200,7
DA:201,0
DA:202,0
DA:203,0
DA:204,0
DA:205,7
DA:206,7
DA:207,7
DA:208,0
DA:209,0
DA:210,7
DA:211,7
DA:212,7
DA:213,7
DA:214,0
DA:215,0
DA:216,7
DA:217,7
DA:218,7
DA:219,7
DA:220,0
DA:221,0
DA:222,0
DA:223,0
DA:224,7
DA:225,7
DA:226,7
DA:227,7
DA:228,7
DA:229,7
DA:230,7
DA:231,7
DA:232,0
DA:233,0
DA:234,0
DA:235,0
DA:236,7
DA:237,7
DA:238,7
DA:239,7
DA:240,0
DA:241,0
DA:242,0
DA:243,0
DA:244,7
DA:245,7
DA:246,7
DA:247,0
DA:248,0
DA:249,0
DA:250,0
DA:251,0
DA:252,0
DA:253,0
DA:254,7
DA:255,7
DA:256,7
DA:257,7
DA:258,0
DA:259,0
DA:260,7
LH:164
LF:260
end_of_record
SF:src/repositories/eventRepository.js
FN:16,create
FN:18,findById
FN:26,findEndedBefore
FN:29,findByIdWithOrganizer
FN:41,findByIdWithPayoutAccount
FN:57,updateById
FN:60,save
FN:74,reserveTicketInventory
FN:105,releaseTicketInventory
FN:124,findActiveWithFeatures
FN:142,countActive
FN:168,findAllForReporting
FN:175,findByOwnerForReporting
FN:181,findByIds
FN:193,findByUserWithFeatures
FN:210,findBySlug
FN:216,findTrending
FN:233,findUpcoming
FN:252,findLiveEvents
FN:276,markNetworkingEmailSent
FN:285,archive
FN:293,countReferences
FNDA:0,create
FNDA:0,findById
FNDA:0,findEndedBefore
FNDA:0,findByIdWithOrganizer
FNDA:0,findByIdWithPayoutAccount
FNDA:0,updateById
FNDA:0,save
FNDA:0,reserveTicketInventory
FNDA:0,releaseTicketInventory
FNDA:0,findActiveWithFeatures
FNDA:0,countActive
FNDA:0,findAllForReporting
FNDA:0,findByOwnerForReporting
FNDA:0,findByIds
FNDA:0,findByUserWithFeatures
FNDA:0,findBySlug
FNDA:0,findTrending
FNDA:0,findUpcoming
FNDA:0,findLiveEvents
FNDA:0,markNetworkingEmailSent
FNDA:0,archive
FNDA:0,countReferences
FNF:22
FNH:0
BRDA:1,0,0,6
BRF:1
BRH:1
DA:1,6
DA:2,6
DA:3,6
DA:4,6
DA:5,6
DA:6,6
DA:7,6
DA:8,6
DA:9,6
DA:10,6
DA:11,6
DA:12,6
DA:13,6
DA:14,6
DA:15,6
DA:16,6
DA:17,6
DA:18,6
DA:19,6
DA:20,6
DA:21,6
DA:22,6
DA:23,6
DA:24,6
DA:25,6
DA:26,6
DA:27,6
DA:28,6
DA:29,6
DA:30,6
DA:31,6
DA:32,6
DA:33,6
DA:34,6
DA:35,6
DA:36,6
DA:37,6
DA:38,6
DA:39,6
DA:40,6
DA:41,6
DA:42,0
DA:43,0
DA:44,0
DA:45,0
DA:46,0
DA:47,0
DA:48,0
DA:49,0
DA:50,0
DA:51,0
DA:52,0
DA:53,0
DA:54,0
DA:55,6
DA:56,6
DA:57,6
DA:58,6
DA:59,6
DA:60,6
DA:61,6
DA:62,6
DA:63,6
DA:64,6
DA:65,6
DA:66,6
DA:67,6
DA:68,6
DA:69,6
DA:70,6
DA:71,6
DA:72,6
DA:73,6
DA:74,6
DA:75,0
DA:76,0
DA:77,0
DA:78,0
DA:79,0
DA:80,0
DA:81,0
DA:82,0
DA:83,0
DA:84,0
DA:85,0
DA:86,0
DA:87,0
DA:88,0
DA:89,6
DA:90,6
DA:91,6
DA:92,6
DA:93,6
DA:94,6
DA:95,6
DA:96,6
DA:97,6
DA:98,6
DA:99,6
DA:100,6
DA:101,6
DA:102,6
DA:103,6
DA:104,6
DA:105,6
DA:106,0
DA:107,0
DA:108,0
DA:109,0
DA:110,0
DA:111,0
DA:112,0
DA:113,0
DA:114,0
DA:115,0
DA:116,0
DA:117,0
DA:118,6
DA:119,6
DA:120,6
DA:121,6
DA:122,6
DA:123,6
DA:124,6
DA:125,0
DA:126,0
DA:127,0
DA:128,0
DA:129,0
DA:130,0
DA:131,0
DA:132,0
DA:133,0
DA:134,0
DA:135,0
DA:136,0
DA:137,6
DA:138,6
DA:139,6
DA:140,6
DA:141,6
DA:142,6
DA:143,0
DA:144,0
DA:145,0
DA:146,0
DA:147,0
DA:148,0
DA:149,0
DA:150,0
DA:151,6
DA:152,6
DA:153,6
DA:154,6
DA:155,6
DA:156,6
DA:157,6
DA:158,6
DA:159,6
DA:160,6
DA:161,6
DA:162,6
DA:163,6
DA:164,6
DA:165,6
DA:166,6
DA:167,6
DA:168,6
DA:169,0
DA:170,0
DA:171,0
DA:172,6
DA:173,6
DA:174,6
DA:175,6
DA:176,0
DA:177,0
DA:178,0
DA:179,6
DA:180,6
DA:181,6
DA:182,6
DA:183,6
DA:184,6
DA:185,6
DA:186,6
DA:187,6
DA:188,6
DA:189,6
DA:190,6
DA:191,6
DA:192,6
DA:193,6
DA:194,0
DA:195,0
DA:196,0
DA:197,0
DA:198,0
DA:199,0
DA:200,0
DA:201,0
DA:202,0
DA:203,0
DA:204,0
DA:205,6
DA:206,6
DA:207,6
DA:208,6
DA:209,6
DA:210,6
DA:211,6
DA:212,6
DA:213,6
DA:214,6
DA:215,6
DA:216,6
DA:217,0
DA:218,0
DA:219,0
DA:220,0
DA:221,0
DA:222,0
DA:223,0
DA:224,0
DA:225,0
DA:226,0
DA:227,0
DA:228,6
DA:229,6
DA:230,6
DA:231,6
DA:232,6
DA:233,6
DA:234,0
DA:235,0
DA:236,0
DA:237,0
DA:238,0
DA:239,0
DA:240,0
DA:241,0
DA:242,6
DA:243,6
DA:244,6
DA:245,6
DA:246,6
DA:247,6
DA:248,6
DA:249,6
DA:250,6
DA:251,6
DA:252,6
DA:253,0
DA:254,0
DA:255,0
DA:256,0
DA:257,0
DA:258,0
DA:259,0
DA:260,0
DA:261,0
DA:262,0
DA:263,0
DA:264,0
DA:265,0
DA:266,0
DA:267,0
DA:268,0
DA:269,0
DA:270,0
DA:271,0
DA:272,0
DA:273,6
DA:274,6
DA:275,6
DA:276,6
DA:277,0
DA:278,0
DA:279,6
DA:280,6
DA:281,6
DA:282,6
DA:283,6
DA:284,6
DA:285,6
DA:286,0
DA:287,0
DA:288,0
DA:289,0
DA:290,6
DA:291,6
DA:292,6
DA:293,6
DA:294,0
DA:295,0
DA:296,0
DA:297,0
DA:298,0
DA:299,0
DA:300,6
LH:173
LF:300
end_of_record
SF:src/repositories/guestRepository.js
FN:8,create
FN:10,findByEvent
FN:17,findByEventWithStatus
FN:22,findOneByEventAndEmail
FN:25,linkBooking
FN:29,findByBookingIds
FN:32,findById
FN:35,findUnerasedByEvents
FN:43,anonymize
FNDA:0,create
FNDA:0,findByEvent
FNDA:0,findByEventWithStatus
FNDA:0,findOneByEventAndEmail
FNDA:0,linkBooking
FNDA:0,findByBookingIds
FNDA:0,findById
FNDA:0,findUnerasedByEvents
FNDA:0,anonymize
FNF:9
FNH:0
BRDA:1,0,0,3
BRF:1
BRH:1
DA:1,3
DA:2,3
DA:3,3
DA:4,3
DA:5,3
DA:6,3
DA:7,3
DA:8,3
DA:9,3
DA:10,3
DA:11,3
DA:12,3
DA:13,3
DA:14,3
DA:15,3
DA:16,3
DA:17,3
DA:18,0
DA:19,0
DA:20,3
DA:21,3
DA:22,3
DA:23,3
DA:24,3
DA:25,3
DA:26,3
DA:27,3
DA:28,3
DA:29,3
DA:30,3
DA:31,3
DA:32,3
DA:33,3
DA:34,3
DA:35,3
DA:36,3
DA:37,3
DA:38,3
DA:39,3
DA:40,3
DA:41,3
DA:42,3
DA:43,3
DA:44,0
DA:45,0
DA:46,0
DA:47,0
DA:48,0
DA:49,0
DA:50,3
LH:42
LF:50
end_of_record
SF:src/repositories/messageRepository.js
FN:8,create
FN:11,findGroupHistory
FN:20,findDmThread
FNDA:0,create
FNDA:0,findGroupHistory
FNDA:0,findDmThread
FNF:3
FNH:0
BRDA:1,0,0,2
BRF:1
BRH:1
DA:1,2
DA:2,2
DA:3,2
DA:4,2
DA:5,2
DA:6,2
DA:7,2
DA:8,2
DA:9,2
DA:10,2
DA:11,2
DA:12,0
DA:13,0
DA:14,0
DA:15,0
DA:16,0
DA:17,2
DA:18,2
DA:19,2
DA:20,2
DA:21,0
DA:22,0
DA:23,0
DA:24,0
DA:25,0
DA:26,0
DA:27,0
DA:28,0
DA:29,0
DA:30,0
DA:31,0
DA:32,2
LH:16
LF:32
end_of_record
SF:src/repositories/userRepository.js
FN:8,create
FN:10,findById
FN:19,findByIdWithRole
FN:29,findByIdWithPayout
FN:43,setRole
FN:52,findByIdWithPassword
FN:55,findByEmail
FN:59,findByEmailWithRole
FN:67,assignToEvent
FN:83,unassignFromEvent
FN:91,findAssignedToEvent
FN:94,updateById
FN:100,deactivate
FN:103,findByResetToken
FN:119,findAll
FN:123,unassignAllFromEvent
FNDA:0,create
FNDA:0,findById
FNDA:0,findByIdWithRole
FNDA:0,findByIdWithPayout
FNDA:0,setRole
FNDA:0,findByIdWithPassword
FNDA:0,findByEmail
FNDA:0,findByEmailWithRole
FNDA:0,assignToEvent
FNDA:0,unassignFromEvent
FNDA:0,findAssignedToEvent
FNDA:0,updateById
FNDA:0,deactivate
FNDA:0,findByResetToken
FNDA:0,findAll
FNDA:0,unassignAllFromEvent
FNF:16
FNH:0
BRDA:1,0,0,3
BRF:1
BRH:1
DA:1,3
DA:2,3
DA:3,3
DA:4,3
DA:5,3
DA:6,3
DA:7,3
DA:8,3
DA:9,3
DA:10,3
DA:11,3
DA:12,3
DA:13,3
DA:14,3
DA:15,3
DA:16,3
DA:17,3
DA:18,3
DA:19,3
DA:20,3
DA:21,3
DA:22,3
DA:23,3
DA:24,3
DA:25,3
DA:26,3
DA:27,3
DA:28,3
DA:29,3
DA:30,3
DA:31,3
DA:32,3
DA:33,3
DA:34,3
DA:35,3
DA:36,3
DA:37,3
DA:38,3
DA:39,3
DA:40,3
DA:41,3
DA:42,3
DA:43,3
DA:44,0
DA:45,0
DA:46,0
DA:47,0
DA:48,0
DA:49,0
DA:50,3
DA:51,3
DA:52,3
DA:53,3
DA:54,3
DA:55,3
DA:56,3
DA:57,3
DA:58,3
DA:59,3
DA:60,3
DA:61,3
DA:62,3
DA:63,3
DA:64,3
DA:65,3
DA:66,3
DA:67,3
DA:68,0
DA:69,0
DA:70,0
DA:71,0
DA:72,0
DA:73,0
DA:74,0
DA:75,0
DA:76,0
DA:77,0
DA:78,0
DA:79,0
DA:80,0
DA:81,3
DA:82,3
DA:83,3
DA:84,0
DA:85,0
DA:86,0
DA:87,0
DA:88,3
DA:89,3
DA:90,3
DA:91,3
DA:92,3
DA:93,3
DA:94,3
DA:95,0
DA:96,0
DA:97,0
DA:98,3
DA:99,3
DA:100,3
DA:101,3
DA:102,3
DA:103,3
DA:104,0
DA:105,0
DA:106,0
DA:107,3
DA:108,3
DA:109,3
DA:110,3
DA:111,3
DA:112,3
DA:113,3
DA:114,3
DA:115,3
DA:116,3
DA:117,3
DA:118,3
DA:119,3
DA:120,3
DA:121,3
DA:122,3
DA:123,3
DA:124,0
DA:125,0
DA:126,0
DA:127,3
LH:95
LF:127
end_of_record
SF:src/services/admissionService.js
FN:20,equalsId
FN:43,authorizeScan
FN:48,anonymous_2
FN:61,rejectionReasonForStatus
FN:92,capacityDecision
FN:112,checkInByScan
FN:243,recordRejection
FNDA:8,equalsId
FNDA:9,authorizeScan
FNDA:2,anonymous_2
FNDA:3,rejectionReasonForStatus
FNDA:10,capacityDecision
FNDA:0,checkInByScan
FNDA:0,recordRejection
FNF:7
FNH:5
BRDA:1,0,0,3
BRDA:20,1,0,8
BRDA:43,2,0,9
BRDA:44,3,0,8
BRDA:44,4,0,2
BRDA:44,5,0,7
BRDA:45,6,0,1
BRDA:45,7,0,6
BRDA:46,8,0,2
BRDA:46,9,0,4
BRDA:47,10,0,2
BRDA:48,11,0,0
BRDA:52,12,0,1
BRDA:53,13,0,1
BRDA:54,14,0,2
BRDA:48,15,0,2
BRDA:61,16,0,3
BRDA:62,17,0,1
BRDA:62,18,0,2
BRDA:63,19,0,1
BRDA:92,20,0,10
BRDA:95,21,0,6
BRDA:95,22,0,5
BRDA:96,23,0,2
BRDA:96,24,0,3
BRDA:97,25,0,1
BRDA:97,26,0,2
BRF:27
BRH:26
DA:1,3
DA:2,3
DA:3,3
DA:4,3
DA:5,3
DA:6,3
DA:7,3
DA:8,3
DA:9,3
DA:10,3
DA:11,3
DA:12,3
DA:13,3
DA:14,3
DA:15,3
DA:16,3
DA:17,3
DA:18,3
DA:19,3
DA:20,3
DA:21,3
DA:22,3
DA:23,3
DA:24,3
DA:25,3
DA:26,3
DA:27,3
DA:28,3
DA:29,3
DA:30,3
DA:31,3
DA:32,3
DA:33,3
DA:34,3
DA:35,3
DA:36,3
DA:37,3
DA:38,3
DA:39,3
DA:40,3
DA:41,3
DA:42,3
DA:43,3
DA:44,9
DA:45,9
DA:46,9
DA:47,9
DA:48,2
DA:49,2
DA:50,2
DA:51,2
DA:52,2
DA:53,2
DA:54,2
DA:55,2
DA:56,3
DA:57,3
DA:58,3
DA:59,3
DA:60,3
DA:61,3
DA:62,3
DA:63,3
DA:64,1
DA:65,3
DA:66,3
DA:67,3
DA:68,3
DA:69,3
DA:70,3
DA:71,3
DA:72,3
DA:73,3
DA:74,3
DA:75,3
DA:76,3
DA:77,3
DA:78,3
DA:79,3
DA:80,3
DA:81,3
DA:82,3
DA:83,3
DA:84,3
DA:85,3
DA:86,3
DA:87,3
DA:88,3
DA:89,3
DA:90,3
DA:91,3
DA:92,3
DA:93,10
DA:94,10
DA:95,10
DA:96,10
DA:97,10
DA:98,2
DA:99,3
DA:100,3
DA:101,3
DA:102,3
DA:103,3
DA:104,3
DA:105,3
DA:106,3
DA:107,3
DA:108,3
DA:109,3
DA:110,3
DA:111,3
DA:112,3
DA:113,0
DA:114,0
DA:115,0
DA:116,0
DA:117,0
DA:118,0
DA:119,0
DA:120,0
DA:121,0
DA:122,0
DA:123,0
DA:124,0
DA:125,0
DA:126,0
DA:127,0
DA:128,0
DA:129,0
DA:130,0
DA:131,0
DA:132,0
DA:133,0
DA:134,0
DA:135,0
DA:136,0
DA:137,0
DA:138,0
DA:139,0
DA:140,0
DA:141,0
DA:142,0
DA:143,0
DA:144,0
DA:145,0
DA:146,0
DA:147,0
DA:148,0
DA:149,0
DA:150,0
DA:151,0
DA:152,0
DA:153,0
DA:154,0
DA:155,0
DA:156,0
DA:157,0
DA:158,0
DA:159,0
DA:160,0
DA:161,0
DA:162,0
DA:163,0
DA:164,0
DA:165,0
DA:166,0
DA:167,0
DA:168,0
DA:169,0
DA:170,0
DA:171,0
DA:172,0
DA:173,0
DA:174,0
DA:175,0
DA:176,0
DA:177,0
DA:178,0
DA:179,0
DA:180,0
DA:181,0
DA:182,0
DA:183,0
DA:184,0
DA:185,0
DA:186,0
DA:187,0
DA:188,0
DA:189,0
DA:190,0
DA:191,0
DA:192,0
DA:193,0
DA:194,0
DA:195,0
DA:196,0
DA:197,0
DA:198,0
DA:199,0
DA:200,0
DA:201,0
DA:202,0
DA:203,0
DA:204,0
DA:205,0
DA:206,0
DA:207,0
DA:208,0
DA:209,0
DA:210,0
DA:211,0
DA:212,0
DA:213,0
DA:214,0
DA:215,0
DA:216,0
DA:217,0
DA:218,0
DA:219,0
DA:220,0
DA:221,0
DA:222,0
DA:223,0
DA:224,0
DA:225,0
DA:226,0
DA:227,0
DA:228,0
DA:229,0
DA:230,0
DA:231,0
DA:232,0
DA:233,0
DA:234,0
DA:235,0
DA:236,0
DA:237,0
DA:238,0
DA:239,0
DA:240,3
DA:241,3
DA:242,3
DA:243,3
DA:244,0
DA:245,0
DA:246,0
DA:247,0
DA:248,0
DA:249,0
DA:250,0
DA:251,0
DA:252,0
DA:253,0
DA:254,0
DA:255,0
DA:256,0
DA:257,0
DA:258,0
DA:259,0
DA:260,0
DA:261,0
DA:262,0
DA:263,0
DA:264,3
LH:117
LF:264
end_of_record
SF:src/services/anomalyService.js
FN:41,detectAnomalies
FN:49,anonymous_1
FN:53,anonymous_2
FN:58,anonymous_3
FN:59,anonymous_4
FN:63,anonymous_5
FN:66,anonymous_6
FNDA:237,detectAnomalies
FNDA:243,anonymous_1
FNDA:395,anonymous_2
FNDA:395,anonymous_3
FNDA:395,anonymous_4
FNDA:395,anonymous_5
FNDA:382,anonymous_6
FNF:7
FNH:7
BRDA:1,0,0,1
BRDA:41,1,0,160
BRDA:44,2,0,159
BRDA:44,3,0,2
BRDA:46,4,0,158
BRDA:54,5,0,36
BRDA:54,6,0,158
BRDA:67,7,0,21
BRDA:68,8,0,158
BRDA:71,9,0,237
BRDA:74,10,0,24
BRDA:78,11,0,158
BRDA:49,12,0,243
BRDA:53,13,0,395
BRDA:58,14,0,395
BRDA:58,15,0,0
BRDA:59,16,0,395
BRDA:63,17,0,395
BRDA:66,18,0,382
BRF:19
BRH:18
DA:1,1
DA:2,1
DA:3,1
DA:4,1
DA:5,1
DA:6,1
DA:7,1
DA:8,1
DA:9,1
DA:10,1
DA:11,1
DA:12,1
DA:13,1
DA:14,1
DA:15,1
DA:16,1
DA:17,1
DA:18,1
DA:19,1
DA:20,1
DA:21,1
DA:22,1
DA:23,1
DA:24,1
DA:25,1
DA:26,1
DA:27,1
DA:28,1
DA:29,1
DA:30,1
DA:31,1
DA:32,1
DA:33,1
DA:34,1
DA:35,1
DA:36,1
DA:37,1
DA:38,1
DA:39,1
DA:40,1
DA:41,1
DA:42,160
DA:43,160
DA:44,160
DA:45,2
DA:46,2
DA:47,158
DA:48,158
DA:49,158
DA:50,158
DA:51,158
DA:52,158
DA:53,158
DA:54,160
DA:55,158
DA:56,158
DA:57,158
DA:58,158
DA:59,158
DA:60,158
DA:61,158
DA:62,158
DA:63,158
DA:64,158
DA:65,158
DA:66,158
DA:67,158
DA:68,158
DA:69,158
DA:70,158
DA:71,160
DA:72,237
DA:73,237
DA:74,237
DA:75,24
DA:76,24
DA:77,24
DA:78,237
DA:79,158
DA:80,158
DA:81,1
LH:81
LF:81
end_of_record
SF:src/services/authService.js
FN:12,signToken
FN:17,generateToken
FN:38,signup
FN:59,login
FN:77,verifyAndGetUser
FN:104,initiatePasswordReset
FN:120,clearPasswordResetToken
FN:129,resetPassword
FN:149,updatePassword
FNDA:0,signToken
FNDA:0,generateToken
FNDA:0,signup
FNDA:0,login
FNDA:0,verifyAndGetUser
FNDA:0,initiatePasswordReset
FNDA:0,clearPasswordResetToken
FNDA:0,resetPassword
FNDA:0,updatePassword
FNF:9
FNH:0
BRDA:1,0,0,1
BRF:1
BRH:1
DA:1,1
DA:2,1
DA:3,1
DA:4,1
DA:5,1
DA:6,1
DA:7,1
DA:8,1
DA:9,1
DA:10,1
DA:11,1
DA:12,1
DA:13,0
DA:14,0
DA:15,1
DA:16,1
DA:17,1
DA:18,1
DA:19,1
DA:20,1
DA:21,1
DA:22,1
DA:23,1
DA:24,1
DA:25,1
DA:26,1
DA:27,1
DA:28,1
DA:29,1
DA:30,1
DA:31,1
DA:32,1
DA:33,1
DA:34,1
DA:35,1
DA:36,1
DA:37,1
DA:38,1
DA:39,0
DA:40,0
DA:41,0
DA:42,0
DA:43,0
DA:44,0
DA:45,0
DA:46,0
DA:47,0
DA:48,0
DA:49,0
DA:50,0
DA:51,0
DA:52,0
DA:53,1
DA:54,1
DA:55,1
DA:56,1
DA:57,1
DA:58,1
DA:59,1
DA:60,0
DA:61,0
DA:62,0
DA:63,0
DA:64,0
DA:65,0
DA:66,0
DA:67,0
DA:68,0
DA:69,0
DA:70,0
DA:71,1
DA:72,1
DA:73,1
DA:74,1
DA:75,1
DA:76,1
DA:77,1
DA:78,0
DA:79,0
DA:80,0
DA:81,0
DA:82,0
DA:83,0
DA:84,0
DA:85,0
DA:86,0
DA:87,0
DA:88,0
DA:89,0
DA:90,0
DA:91,0
DA:92,0
DA:93,0
DA:94,0
DA:95,0
DA:96,0
DA:97,0
DA:98,1
DA:99,1
DA:100,1
DA:101,1
DA:102,1
DA:103,1
DA:104,1
DA:105,0
DA:106,0
DA:107,0
DA:108,0
DA:109,0
DA:110,0
DA:111,0
DA:112,0
DA:113,0
DA:114,0
DA:115,1
DA:116,1
DA:117,1
DA:118,1
DA:119,1
DA:120,1
DA:121,0
DA:122,0
DA:123,0
DA:124,1
DA:125,1
DA:126,1
DA:127,1
DA:128,1
DA:129,1
DA:130,0
DA:131,0
DA:132,0
DA:133,0
DA:134,0
DA:135,0
DA:136,0
DA:137,0
DA:138,0
DA:139,0
DA:140,0
DA:141,0
DA:142,0
DA:143,0
DA:144,1
DA:145,1
DA:146,1
DA:147,1
DA:148,1
DA:149,1
DA:150,0
DA:151,0
DA:152,0
DA:153,0
DA:154,0
DA:155,0
DA:156,0
DA:157,0
DA:158,0
DA:159,0
DA:160,0
DA:161,0
DA:162,0
DA:163,0
DA:164,0
DA:165,0
DA:166,0
DA:167,0
DA:168,0
DA:169,0
DA:170,1
LH:76
LF:170
end_of_record
SF:src/services/bookingService.js
FN:26,generateReference
FN:47,reserveBooking
FN:180,buildCheckoutConfig
FN:221,expectedAmountMinor
FN:241,confirmReservation
FN:295,releaseReservation
FN:332,releaseExpiredReservations
FN:347,getMyBookings
FN:368,getBookingsForEvent
FN:398,checkInAttendee
FNDA:0,generateReference
FNDA:0,reserveBooking
FNDA:0,buildCheckoutConfig
FNDA:0,expectedAmountMinor
FNDA:0,confirmReservation
FNDA:0,releaseReservation
FNDA:0,releaseExpiredReservations
FNDA:0,getMyBookings
FNDA:0,getBookingsForEvent
FNDA:0,checkInAttendee
FNF:10
FNH:0
BRDA:1,0,0,1
BRF:1
BRH:1
DA:1,1
DA:2,1
DA:3,1
DA:4,1
DA:5,1
DA:6,1
DA:7,1
DA:8,1
DA:9,1
DA:10,1
DA:11,1
DA:12,1
DA:13,1
DA:14,1
DA:15,1
DA:16,1
DA:17,1
DA:18,1
DA:19,1
DA:20,1
DA:21,1
DA:22,1
DA:23,1
DA:24,1
DA:25,1
DA:26,1
DA:27,1
DA:28,1
DA:29,1
DA:30,1
DA:31,1
DA:32,1
DA:33,1
DA:34,1
DA:35,1
DA:36,1
DA:37,1
DA:38,1
DA:39,1
DA:40,1
DA:41,1
DA:42,1
DA:43,1
DA:44,1
DA:45,1
DA:46,1
DA:47,1
DA:48,0
DA:49,0
DA:50,0
DA:51,0
DA:52,0
DA:53,0
DA:54,0
DA:55,0
DA:56,0
DA:57,0
DA:58,0
DA:59,0
DA:60,0
DA:61,0
DA:62,0
DA:63,0
DA:64,0
DA:65,0
DA:66,0
DA:67,0
DA:68,0
DA:69,0
DA:70,0
DA:71,0
DA:72,0
DA:73,0
DA:74,0
DA:75,0
DA:76,0
DA:77,0
DA:78,0
DA:79,0
DA:80,0
DA:81,0
DA:82,0
DA:83,0
DA:84,0
DA:85,0
DA:86,0
DA:87,0
DA:88,0
DA:89,0
DA:90,0
DA:91,0
DA:92,0
DA:93,0
DA:94,0
DA:95,0
DA:96,0
DA:97,0
DA:98,0
DA:99,0
DA:100,0
DA:101,0
DA:102,0
DA:103,0
DA:104,0
DA:105,0
DA:106,0
DA:107,0
DA:108,0
DA:109,0
DA:110,0
DA:111,0
DA:112,0
DA:113,0
DA:114,0
DA:115,0
DA:116,0
DA:117,0
DA:118,0
DA:119,0
DA:120,0
DA:121,0
DA:122,0
DA:123,0
DA:124,0
DA:125,0
DA:126,0
DA:127,0
DA:128,0
DA:129,0
DA:130,0
DA:131,0
DA:132,0
DA:133,0
DA:134,0
DA:135,0
DA:136,0
DA:137,0
DA:138,0
DA:139,0
DA:140,0
DA:141,0
DA:142,0
DA:143,0
DA:144,0
DA:145,0
DA:146,0
DA:147,0
DA:148,0
DA:149,0
DA:150,0
DA:151,0
DA:152,0
DA:153,0
DA:154,0
DA:155,0
DA:156,0
DA:157,0
DA:158,0
DA:159,0
DA:160,0
DA:161,0
DA:162,0
DA:163,0
DA:164,0
DA:165,0
DA:166,1
DA:167,1
DA:168,1
DA:169,1
DA:170,1
DA:171,1
DA:172,1
DA:173,1
DA:174,1
DA:175,1
DA:176,1
DA:177,1
DA:178,1
DA:179,1
DA:180,1
DA:181,0
DA:182,0
DA:183,0
DA:184,0
DA:185,0
DA:186,0
DA:187,0
DA:188,0
DA:189,0
DA:190,0
DA:191,0
DA:192,0
DA:193,0
DA:194,0
DA:195,0
DA:196,0
DA:197,0
DA:198,0
DA:199,0
DA:200,0
DA:201,0
DA:202,0
DA:203,0
DA:204,0
DA:205,0
DA:206,0
DA:207,0
DA:208,1
DA:209,1
DA:210,1
DA:211,1
DA:212,1
DA:213,1
DA:214,1
DA:215,1
DA:216,1
DA:217,1
DA:218,1
DA:219,1
DA:220,1
DA:221,1
DA:222,0
DA:223,0
DA:224,0
DA:225,0
DA:226,0
DA:227,1
DA:228,1
DA:229,1
DA:230,1
DA:231,1
DA:232,1
DA:233,1
DA:234,1
DA:235,1
DA:236,1
DA:237,1
DA:238,1
DA:239,1
DA:240,1
DA:241,1
DA:242,0
DA:243,0
DA:244,0
DA:245,0
DA:246,0
DA:247,0
DA:248,0
DA:249,0
DA:250,0
DA:251,0
DA:252,0
DA:253,0
DA:254,0
DA:255,0
DA:256,0
DA:257,0
DA:258,0
DA:259,0
DA:260,0
DA:261,0
DA:262,0
DA:263,0
DA:264,0
DA:265,0
DA:266,0
DA:267,0
DA:268,0
DA:269,0
DA:270,0
DA:271,0
DA:272,0
DA:273,0
DA:274,0
DA:275,0
DA:276,0
DA:277,0
DA:278,0
DA:279,0
DA:280,0
DA:281,0
DA:282,1
DA:283,1
DA:284,1
DA:285,1
DA:286,1
DA:287,1
DA:288,1
DA:289,1
DA:290,1
DA:291,1
DA:292,1
DA:293,1
DA:294,1
DA:295,1
DA:296,0
DA:297,0
DA:298,0
DA:299,0
DA:300,0
DA:301,0
DA:302,0
DA:303,0
DA:304,0
DA:305,0
DA:306,0
DA:307,0
DA:308,0
DA:309,0
DA:310,0
DA:311,0
DA:312,0
DA:313,0
DA:314,0
DA:315,0
DA:316,0
DA:317,0
DA:318,0
DA:319,0
DA:320,0
DA:321,0
DA:322,1
DA:323,1
DA:324,1
DA:325,1
DA:326,1
DA:327,1
DA:328,1
DA:329,1
DA:330,1
DA:331,1
DA:332,1
DA:333,0
DA:334,0
DA:335,0
DA:336,0
DA:337,0
DA:338,0
DA:339,0
DA:340,0
DA:341,0
DA:342,1
DA:343,1
DA:344,1
DA:345,1
DA:346,1
DA:347,1
DA:348,0
DA:349,0
DA:350,0
DA:351,1
DA:352,1
DA:353,1
DA:354,1
DA:355,1
DA:356,1
DA:357,1
DA:358,1
DA:359,1
DA:360,1
DA:361,1
DA:362,1
DA:363,1
DA:364,1
DA:365,1
DA:366,1
DA:367,1
DA:368,1
DA:369,0
DA:370,0
DA:371,0
DA:372,0
DA:373,0
DA:374,0
DA:375,0
DA:376,0
DA:377,0
DA:378,0
DA:379,0
DA:380,0
DA:381,0
DA:382,0
DA:383,0
DA:384,1
DA:385,1
DA:386,1
DA:387,1
DA:388,1
DA:389,1
DA:390,1
DA:391,1
DA:392,1
DA:393,1
DA:394,1
DA:395,1
DA:396,1
DA:397,1
DA:398,1
DA:399,0
DA:400,0
DA:401,0
DA:402,0
DA:403,0
DA:404,0
DA:405,0
DA:406,0
DA:407,0
DA:408,0
DA:409,0
DA:410,0
DA:411,0
DA:412,0
DA:413,0
DA:414,0
DA:415,0
DA:416,0
DA:417,0
DA:418,0
DA:419,0
DA:420,0
DA:421,0
DA:422,0
DA:423,0
DA:424,0
DA:425,0
DA:426,0
DA:427,1
LH:156
LF:427
end_of_record
SF:src/services/chatbot/chatbotService.js
FN:96,summarizeEvent
FN:111,resolveEvent
FN:120,executeTool
FN:141,anonymous_3
FN:168,handleMessage
FNDA:0,summarizeEvent
FNDA:0,resolveEvent
FNDA:2,executeTool
FNDA:0,anonymous_3
FNDA:6,handleMessage
FNF:5
FNH:2
BRDA:1,0,0,1
BRDA:120,1,0,2
BRDA:122,2,0,0
BRDA:126,3,0,0
BRDA:148,4,0,0
BRDA:154,5,0,0
BRDA:168,6,0,6
BRDA:169,7,0,0
BRDA:171,8,0,1
BRDA:176,9,0,5
BRDA:182,10,0,4
BRDA:183,11,0,1
BRDA:192,12,0,4
BRDA:194,13,0,2
BRDA:195,14,0,0
BRDA:196,15,0,2
BRDA:205,16,0,0
BRDA:207,17,0,2
BRDA:224,18,0,1
BRDA:234,19,0,0
BRF:20
BRH:12
DA:1,1
DA:2,1
DA:3,1
DA:4,1
DA:5,1
DA:6,1
DA:7,1
DA:8,1
DA:9,1
DA:10,1
DA:11,1
DA:12,1
DA:13,1
DA:14,1
DA:15,1
DA:16,1
DA:17,1
DA:18,1
DA:19,1
DA:20,1
DA:21,1
DA:22,1
DA:23,1
DA:24,1
DA:25,1
DA:26,1
DA:27,1
DA:28,1
DA:29,1
DA:30,1
DA:31,1
DA:32,1
DA:33,1
DA:34,1
DA:35,1
DA:36,1
DA:37,1
DA:38,1
DA:39,1
DA:40,1
DA:41,1
DA:42,1
DA:43,1
DA:44,1
DA:45,1
DA:46,1
DA:47,1
DA:48,1
DA:49,1
DA:50,1
DA:51,1
DA:52,1
DA:53,1
DA:54,1
DA:55,1
DA:56,1
DA:57,1
DA:58,1
DA:59,1
DA:60,1
DA:61,1
DA:62,1
DA:63,1
DA:64,1
DA:65,1
DA:66,1
DA:67,1
DA:68,1
DA:69,1
DA:70,1
DA:71,1
DA:72,1
DA:73,1
DA:74,1
DA:75,1
DA:76,1
DA:77,1
DA:78,1
DA:79,1
DA:80,1
DA:81,1
DA:82,1
DA:83,1
DA:84,1
DA:85,1
DA:86,1
DA:87,1
DA:88,1
DA:89,1
DA:90,1
DA:91,1
DA:92,1
DA:93,1
DA:94,1
DA:95,1
DA:96,1
DA:97,0
DA:98,0
DA:99,0
DA:100,0
DA:101,1
DA:102,1
DA:103,1
DA:104,1
DA:105,1
DA:106,1
DA:107,1
DA:108,1
DA:109,1
DA:110,1
DA:111,1
DA:112,0
DA:113,0
DA:114,0
DA:115,0
DA:116,0
DA:117,0
DA:118,1
DA:119,1
DA:120,1
DA:121,2
DA:122,2
DA:123,0
DA:124,0
DA:125,0
DA:126,2
DA:127,0
DA:128,0
DA:129,0
DA:130,0
DA:131,0
DA:132,0
DA:133,0
DA:134,0
DA:135,0
DA:136,0
DA:137,0
DA:138,0
DA:139,0
DA:140,0
DA:141,0
DA:142,0
DA:143,0
DA:144,0
DA:145,0
DA:146,0
DA:147,0
DA:148,2
DA:149,0
DA:150,0
DA:151,0
DA:152,2
DA:153,2
DA:154,2
DA:155,0
DA:156,2
DA:157,1
DA:158,1
DA:159,1
DA:160,1
DA:161,1
DA:162,1
DA:163,1
DA:164,1
DA:165,1
DA:166,1
DA:167,1
DA:168,1
DA:169,6
DA:170,6
DA:171,6
DA:172,1
DA:173,1
DA:174,1
DA:175,1
DA:176,1
DA:177,5
DA:178,5
DA:179,5
DA:180,5
DA:181,5
DA:182,5
DA:183,6
DA:184,1
DA:185,1
DA:186,1
DA:187,1
DA:188,1
DA:189,1
DA:190,1
DA:191,1
DA:192,1
DA:193,4
DA:194,6
DA:195,2
DA:196,2
DA:197,2
DA:198,2
DA:199,2
DA:200,2
DA:201,2
DA:202,2
DA:203,2
DA:204,2
DA:205,6
DA:206,0
DA:207,0
DA:208,2
DA:209,2
DA:210,2
DA:211,2
DA:212,2
DA:213,2
DA:214,2
DA:215,2
DA:216,2
DA:217,2
DA:218,2
DA:219,2
DA:220,2
DA:221,2
DA:222,2
DA:223,2
DA:224,2
DA:225,1
DA:226,1
DA:227,1
DA:228,1
DA:229,1
DA:230,1
DA:231,1
DA:232,1
DA:233,1
DA:234,6
DA:235,6
DA:236,6
DA:237,1
LH:197
LF:237
end_of_record
SF:src/services/chatbot/llmProvider.js
FN:29,__setFetchForTesting
FN:34,GEMINI_URL
FN:39,toOpenAIMessages
FN:65,toOpenAITools
FN:76,callOpenAI
FN:118,toGeminiContents
FN:151,toGeminiTools
FN:162,callGemini
FN:215,complete
FN:41,anonymous_9
FN:95,anonymous_10
FN:119,anonymous_11
FN:182,anonymous_12
FN:188,anonymous_13
FN:204,anonymous_14
FNDA:12,__setFetchForTesting
FNDA:4,GEMINI_URL
FNDA:7,toOpenAIMessages
FNDA:0,toOpenAITools
FNDA:8,callOpenAI
FNDA:4,toGeminiContents
FNDA:0,toGeminiTools
FNDA:5,callGemini
FNDA:3,complete
FNDA:4,anonymous_9
FNDA:0,anonymous_10
FNDA:3,anonymous_11
FNDA:0,anonymous_12
FNDA:3,anonymous_13
FNDA:2,anonymous_14
FNF:15
FNH:11
BRDA:1,0,0,2
BRDA:29,1,0,12
BRDA:30,2,0,1
BRDA:34,3,0,4
BRDA:39,4,0,7
BRDA:76,5,0,8
BRDA:78,6,0,1
BRDA:78,7,0,7
BRDA:89,8,0,0
BRDA:89,9,0,0
BRDA:89,10,0,7
BRDA:91,11,0,7
BRDA:93,12,0,3
BRDA:97,13,0,4
BRDA:101,14,0,4
BRDA:101,15,0,2
BRDA:103,16,0,2
BRDA:109,17,0,0
BRDA:112,18,0,2
BRDA:113,19,0,0
BRDA:118,20,0,4
BRDA:162,21,0,5
BRDA:164,22,0,1
BRDA:164,23,0,4
BRDA:176,24,0,0
BRDA:176,25,0,0
BRDA:176,26,0,4
BRDA:178,27,0,4
BRDA:180,28,0,1
BRDA:184,29,0,3
BRDA:187,30,0,0
BRDA:190,31,0,1
BRDA:199,32,0,0
BRDA:202,33,0,2
BRDA:205,34,0,0
BRDA:215,35,0,3
BRDA:218,36,0,2
BRDA:221,37,0,1
BRDA:41,38,0,4
BRDA:42,39,0,0
BRDA:42,40,0,0
BRDA:58,41,0,0
BRDA:119,42,0,3
BRDA:120,43,0,0
BRDA:120,44,0,0
BRDA:133,45,0,0
BRDA:146,46,0,0
BRDA:188,47,0,3
BRDA:204,48,0,2
BRF:49
BRH:33
DA:1,2
DA:2,2
DA:3,2
DA:4,2
DA:5,2
DA:6,2
DA:7,2
DA:8,2
DA:9,2
DA:10,2
DA:11,2
DA:12,2
DA:13,2
DA:14,2
DA:15,2
DA:16,2
DA:17,2
DA:18,2
DA:19,2
DA:20,2
DA:21,2
DA:22,2
DA:23,2
DA:24,2
DA:25,2
DA:26,2
DA:27,2
DA:28,2
DA:29,2
DA:30,12
DA:31,2
DA:32,2
DA:33,2
DA:34,2
DA:35,2
DA:36,2
DA:37,2
DA:38,2
DA:39,2
DA:40,7
DA:41,7
DA:42,4
DA:43,0
DA:44,0
DA:45,0
DA:46,0
DA:47,0
DA:48,0
DA:49,0
DA:50,0
DA:51,0
DA:52,0
DA:53,0
DA:54,0
DA:55,0
DA:56,0
DA:57,0
DA:58,4
DA:59,0
DA:60,0
DA:61,4
DA:62,7
DA:63,2
DA:64,2
DA:65,2
DA:66,0
DA:67,0
DA:68,0
DA:69,0
DA:70,0
DA:71,0
DA:72,0
DA:73,2
DA:74,2
DA:75,2
DA:76,2
DA:77,8
DA:78,8
DA:79,7
DA:80,7
DA:81,7
DA:82,7
DA:83,7
DA:84,7
DA:85,7
DA:86,7
DA:87,8
DA:88,8
DA:89,8
DA:90,8
DA:91,8
DA:92,7
DA:93,8
DA:94,3
DA:95,3
DA:96,3
DA:97,3
DA:98,4
DA:99,4
DA:100,8
DA:101,8
DA:102,8
DA:103,8
DA:104,2
DA:105,2
DA:106,2
DA:107,2
DA:108,2
DA:109,2
DA:110,2
DA:111,2
DA:112,2
DA:113,8
DA:114,2
DA:115,2
DA:116,2
DA:117,2
DA:118,2
DA:119,4
DA:120,3
DA:121,0
DA:122,0
DA:123,0
DA:124,0
DA:125,0
DA:126,0
DA:127,0
DA:128,0
DA:129,0
DA:130,0
DA:131,0
DA:132,0
DA:133,3
DA:134,0
DA:135,0
DA:136,0
DA:137,0
DA:138,0
DA:139,0
DA:140,0
DA:141,0
DA:142,0
DA:143,0
DA:144,0
DA:145,3
DA:146,3
DA:147,3
DA:148,3
DA:149,2
DA:150,2
DA:151,2
DA:152,0
DA:153,0
DA:154,0
DA:155,0
DA:156,0
DA:157,0
DA:158,0
DA:159,2
DA:160,2
DA:161,2
DA:162,2
DA:163,5
DA:164,5
DA:165,4
DA:166,4
DA:167,4
DA:168,5
DA:169,5
DA:170,5
DA:171,5
DA:172,5
DA:173,5
DA:174,5
DA:175,5
DA:176,5
DA:177,5
DA:178,5
DA:179,4
DA:180,5
DA:181,1
DA:182,1
DA:183,1
DA:184,1
DA:185,3
DA:186,3
DA:187,5
DA:188,5
DA:189,5
DA:190,5
DA:191,1
DA:192,1
DA:193,1
DA:194,1
DA:195,1
DA:196,1
DA:197,1
DA:198,1
DA:199,1
DA:200,1
DA:201,1
DA:202,1
DA:203,2
DA:204,2
DA:205,5
DA:206,2
DA:207,2
DA:208,2
DA:209,2
DA:210,2
DA:211,2
DA:212,2
DA:213,2
DA:214,2
DA:215,2
DA:216,3
DA:217,3
DA:218,3
DA:219,2
DA:220,2
DA:221,2
DA:222,1
DA:223,1
DA:224,1
DA:225,1
DA:226,1
DA:227,1
DA:228,2
DA:229,2
LH:175
LF:229
end_of_record
SF:src/services/dashboardService.js
FN:20,canViewDashboard
FN:27,getEventForViewer
FN:43,getSnapshot
FN:83,getNoShowPrediction
FNDA:5,canViewDashboard
FNDA:0,getEventForViewer
FNDA:0,getSnapshot
FNDA:0,getNoShowPrediction
FNF:4
FNH:1
BRDA:1,0,0,3
BRDA:20,1,0,5
BRDA:21,2,0,4
BRDA:21,3,0,2
BRDA:21,4,0,3
BRDA:22,5,0,1
BRDA:22,6,0,2
BRDA:23,7,0,2
BRF:8
BRH:8
DA:1,3
DA:2,3
DA:3,3
DA:4,3
DA:5,3
DA:6,3
DA:7,3
DA:8,3
DA:9,3
DA:10,3
DA:11,3
DA:12,3
DA:13,3
DA:14,3
DA:15,3
DA:16,3
DA:17,3
DA:18,3
DA:19,3
DA:20,3
DA:21,5
DA:22,5
DA:23,5
DA:24,3
DA:25,3
DA:26,3
DA:27,3
DA:28,0
DA:29,0
DA:30,0
DA:31,0
DA:32,0
DA:33,0
DA:34,0
DA:35,0
DA:36,0
DA:37,3
DA:38,3
DA:39,3
DA:40,3
DA:41,3
DA:42,3
DA:43,3
DA:44,0
DA:45,0
DA:46,0
DA:47,0
DA:48,0
DA:49,0
DA:50,0
DA:51,0
DA:52,0
DA:53,0
DA:54,0
DA:55,0
DA:56,0
DA:57,0
DA:58,0
DA:59,0
DA:60,0
DA:61,0
DA:62,0
DA:63,0
DA:64,0
DA:65,0
DA:66,0
DA:67,0
DA:68,0
DA:69,0
DA:70,0
DA:71,0
DA:72,0
DA:73,3
DA:74,3
DA:75,3
DA:76,3
DA:77,3
DA:78,3
DA:79,3
DA:80,3
DA:81,3
DA:82,3
DA:83,3
DA:84,0
DA:85,0
DA:86,0
DA:87,0
DA:88,0
DA:89,0
DA:90,0
DA:91,0
DA:92,0
DA:93,0
DA:94,0
DA:95,0
DA:96,0
DA:97,0
DA:98,0
DA:99,0
DA:100,0
DA:101,0
DA:102,0
DA:103,0
DA:104,0
DA:105,0
DA:106,0
DA:107,0
DA:108,0
DA:109,0
DA:110,0
DA:111,0
DA:112,0
DA:113,0
DA:114,0
DA:115,0
DA:116,0
DA:117,0
DA:118,0
DA:119,0
DA:120,3
LH:46
LF:120
end_of_record
SF:src/services/eventService.js
FN:15,assertTiersMatchAccessMode
FN:21,createEvent
FN:26,getAllEvents
FN:29,getAllEventsCount
FN:42,getMyEvents
FN:58,getAssignedEvents
FN:64,getEventBySlug
FN:70,updateEvent
FN:91,getTrendingEvents
FN:93,getUpcomingEvents
FN:103,searchEvents
FN:127,deleteEvent
FNDA:0,assertTiersMatchAccessMode
FNDA:0,createEvent
FNDA:0,getAllEvents
FNDA:0,getAllEventsCount
FNDA:0,getMyEvents
FNDA:0,getAssignedEvents
FNDA:0,getEventBySlug
FNDA:0,updateEvent
FNDA:0,getTrendingEvents
FNDA:0,getUpcomingEvents
FNDA:0,searchEvents
FNDA:0,deleteEvent
FNF:12
FNH:0
BRDA:1,0,0,1
BRF:1
BRH:1
DA:1,1
DA:2,1
DA:3,1
DA:4,1
DA:5,1
DA:6,1
DA:7,1
DA:8,1
DA:9,1
DA:10,1
DA:11,1
DA:12,1
DA:13,1
DA:14,1
DA:15,1
DA:16,0
DA:17,0
DA:18,0
DA:19,1
DA:20,1
DA:21,1
DA:22,0
DA:23,0
DA:24,1
DA:25,1
DA:26,1
DA:27,1
DA:28,1
DA:29,1
DA:30,0
DA:31,0
DA:32,1
DA:33,1
DA:34,1
DA:35,1
DA:36,1
DA:37,1
DA:38,1
DA:39,1
DA:40,1
DA:41,1
DA:42,1
DA:43,0
DA:44,0
DA:45,0
DA:46,1
DA:47,1
DA:48,1
DA:49,1
DA:50,1
DA:51,1
DA:52,1
DA:53,1
DA:54,1
DA:55,1
DA:56,1
DA:57,1
DA:58,1
DA:59,0
DA:60,0
DA:61,0
DA:62,1
DA:63,1
DA:64,1
DA:65,0
DA:66,0
DA:67,0
DA:68,1
DA:69,1
DA:70,1
DA:71,0
DA:72,0
DA:73,0
DA:74,0
DA:75,0
DA:76,0
DA:77,0
DA:78,0
DA:79,0
DA:80,0
DA:81,0
DA:82,0
DA:83,0
DA:84,0
DA:85,0
DA:86,0
DA:87,0
DA:88,0
DA:89,1
DA:90,1
DA:91,1
DA:92,1
DA:93,1
DA:94,1
DA:95,1
DA:96,1
DA:97,1
DA:98,1
DA:99,1
DA:100,1
DA:101,1
DA:102,1
DA:103,1
DA:104,0
DA:105,0
DA:106,0
DA:107,0
DA:108,0
DA:109,1
DA:110,1
DA:111,1
DA:112,1
DA:113,1
DA:114,1
DA:115,1
DA:116,1
DA:117,1
DA:118,1
DA:119,1
DA:120,1
DA:121,1
DA:122,1
DA:123,1
DA:124,1
DA:125,1
DA:126,1
DA:127,1
DA:128,0
DA:129,0
DA:130,0
DA:131,0
DA:132,0
DA:133,0
DA:134,0
DA:135,0
DA:136,0
DA:137,0
DA:138,0
DA:139,0
DA:140,0
DA:141,0
DA:142,0
DA:143,1
LH:89
LF:143
end_of_record
SF:src/services/networkingNotificationService.js
FN:24,isCurrentlyLive
FN:39,sweepLiveEvents
FNDA:6,isCurrentlyLive
FNDA:0,sweepLiveEvents
FNF:2
FNH:1
BRDA:1,0,0,1
BRDA:24,1,0,6
BRDA:25,2,0,5
BRDA:25,3,0,4
BRDA:25,4,0,2
BRDA:25,5,0,4
BRDA:26,6,0,3
BRF:7
BRH:7
DA:1,1
DA:2,1
DA:3,1
DA:4,1
DA:5,1
DA:6,1
DA:7,1
DA:8,1
DA:9,1
DA:10,1
DA:11,1
DA:12,1
DA:13,1
DA:14,1
DA:15,1
DA:16,1
DA:17,1
DA:18,1
DA:19,1
DA:20,1
DA:21,1
DA:22,1
DA:23,1
DA:24,1
DA:25,6
DA:26,6
DA:27,1
DA:28,1
DA:29,1
DA:30,1
DA:31,1
DA:32,1
DA:33,1
DA:34,1
DA:35,1
DA:36,1
DA:37,1
DA:38,1
DA:39,1
DA:40,0
DA:41,0
DA:42,0
DA:43,0
DA:44,0
DA:45,0
DA:46,0
DA:47,0
DA:48,0
DA:49,0
DA:50,0
DA:51,0
DA:52,0
DA:53,0
DA:54,0
DA:55,0
DA:56,0
DA:57,0
DA:58,0
DA:59,0
DA:60,0
DA:61,0
DA:62,0
DA:63,0
DA:64,0
DA:65,0
DA:66,0
DA:67,1
LH:40
LF:67
end_of_record
SF:src/services/networkingService.js
FN:15,isOrganizerOrAdmin
FN:25,isNetworkingEnabled
FN:29,canAccessNetworking
FN:37,canPostToNetworking
FN:47,resolveViewer
FN:69,assertLive
FN:75,getDirectory
FN:80,setOptIn
FN:98,getGroupHistory
FN:103,postGroupMessage
FN:120,getDmThread
FN:125,postDm
FNDA:3,isOrganizerOrAdmin
FNDA:15,isNetworkingEnabled
FNDA:7,canAccessNetworking
FNDA:6,canPostToNetworking
FNDA:0,resolveViewer
FNDA:0,assertLive
FNDA:0,getDirectory
FNDA:0,setOptIn
FNDA:0,getGroupHistory
FNDA:0,postGroupMessage
FNDA:0,getDmThread
FNDA:0,postDm
FNF:12
FNH:4
BRDA:1,0,0,2
BRDA:15,1,0,3
BRDA:16,2,0,2
BRDA:25,3,0,15
BRDA:26,4,0,14
BRDA:29,5,0,7
BRDA:30,6,0,6
BRDA:30,7,0,2
BRDA:30,8,0,5
BRDA:31,9,0,1
BRDA:31,10,0,4
BRDA:32,11,0,1
BRDA:32,12,0,3
BRDA:37,13,0,6
BRDA:38,14,0,5
BRDA:38,15,0,4
BRF:16
BRH:16
DA:1,2
DA:2,2
DA:3,2
DA:4,2
DA:5,2
DA:6,2
DA:7,2
DA:8,2
DA:9,2
DA:10,2
DA:11,2
DA:12,2
DA:13,2
DA:14,2
DA:15,2
DA:16,2
DA:17,2
DA:18,2
DA:19,2
DA:20,2
DA:21,2
DA:22,2
DA:23,2
DA:24,2
DA:25,2
DA:26,2
DA:27,2
DA:28,2
DA:29,2
DA:30,7
DA:31,7
DA:32,7
DA:33,3
DA:34,2
DA:35,2
DA:36,2
DA:37,2
DA:38,2
DA:39,2
DA:40,2
DA:41,2
DA:42,2
DA:43,2
DA:44,2
DA:45,2
DA:46,2
DA:47,2
DA:48,0
DA:49,0
DA:50,0
DA:51,0
DA:52,0
DA:53,0
DA:54,0
DA:55,0
DA:56,0
DA:57,0
DA:58,0
DA:59,0
DA:60,0
DA:61,0
DA:62,0
DA:63,0
DA:64,0
DA:65,0
DA:66,0
DA:67,2
DA:68,2
DA:69,2
DA:70,0
DA:71,0
DA:72,0
DA:73,2
DA:74,2
DA:75,2
DA:76,0
DA:77,0
DA:78,2
DA:79,2
DA:80,2
DA:81,0
DA:82,0
DA:83,0
DA:84,0
DA:85,0
DA:86,0
DA:87,0
DA:88,0
DA:89,0
DA:90,0
DA:91,0
DA:92,0
DA:93,0
DA:94,0
DA:95,0
DA:96,2
DA:97,2
DA:98,2
DA:99,0
DA:100,0
DA:101,2
DA:102,2
DA:103,2
DA:104,0
DA:105,0
DA:106,0
DA:107,0
DA:108,0
DA:109,0
DA:110,0
DA:111,0
DA:112,0
DA:113,0
DA:114,0
DA:115,0
DA:116,0
DA:117,0
DA:118,2
DA:119,2
DA:120,2
DA:121,0
DA:122,0
DA:123,2
DA:124,2
DA:125,2
DA:126,0
DA:127,0
DA:128,0
DA:129,0
DA:130,0
DA:131,0
DA:132,0
DA:133,0
DA:134,0
DA:135,0
DA:136,0
DA:137,0
DA:138,0
DA:139,0
DA:140,0
DA:141,0
DA:142,0
DA:143,0
DA:144,0
DA:145,0
DA:146,0
DA:147,0
DA:148,0
DA:149,0
DA:150,0
DA:151,0
DA:152,0
DA:153,0
DA:154,0
DA:155,2
LH:69
LF:155
end_of_record
SF:src/services/nlQuery/executeQuery.js
FN:10,executeQuery
FN:11,isAdmitted
FN:13,anonymous_2
FNDA:4,executeQuery
FNDA:6,isAdmitted
FNDA:10,anonymous_2
FNF:3
FNH:3
BRDA:1,0,0,1
BRDA:10,1,0,4
BRDA:11,2,0,6
BRDA:11,3,0,5
BRDA:13,4,0,10
BRDA:14,5,0,3
BRDA:14,6,0,1
BRDA:14,7,0,9
BRDA:15,8,0,0
BRDA:15,9,0,9
BRDA:16,10,0,6
BRDA:16,11,0,3
BRF:12
BRH:11
DA:1,1
DA:2,1
DA:3,1
DA:4,1
DA:5,1
DA:6,1
DA:7,1
DA:8,1
DA:9,1
DA:10,1
DA:11,4
DA:12,4
DA:13,4
DA:14,10
DA:15,10
DA:16,10
DA:17,3
DA:18,4
DA:19,4
DA:20,4
DA:21,1
LH:21
LF:21
end_of_record
SF:src/services/nlQuery/intentParser.js
FN:32,parseQuestion
FNDA:35,parseQuestion
FNF:1
FNH:1
BRDA:1,0,0,1
BRDA:32,1,0,35
BRDA:33,2,0,34
BRDA:33,3,0,5
BRDA:33,4,0,30
BRDA:38,5,0,19
BRDA:40,6,0,19
BRDA:40,7,0,4
BRDA:40,8,0,26
BRDA:43,9,0,9
BRDA:43,10,0,17
BRDA:44,11,0,10
BRDA:44,12,0,26
BRDA:46,13,0,11
BRDA:46,14,0,15
BRF:15
BRH:15
DA:1,1
DA:2,1
DA:3,1
DA:4,1
DA:5,1
DA:6,1
DA:7,1
DA:8,1
DA:9,1
DA:10,1
DA:11,1
DA:12,1
DA:13,1
DA:14,1
DA:15,1
DA:16,1
DA:17,1
DA:18,1
DA:19,1
DA:20,1
DA:21,1
DA:22,1
DA:23,1
DA:24,1
DA:25,1
DA:26,1
DA:27,1
DA:28,1
DA:29,1
DA:30,1
DA:31,1
DA:32,1
DA:33,35
DA:34,30
DA:35,30
DA:36,30
DA:37,30
DA:38,35
DA:39,35
DA:40,35
DA:41,26
DA:42,26
DA:43,35
DA:44,17
DA:45,26
DA:46,35
DA:47,1
LH:47
LF:47
end_of_record
SF:src/services/noShowService.js
FN:24,loadModel
FN:31,sigmoid
FN:40,predictNoShowProbability
FN:59,featuresFromBooking
FN:49,anonymous_4
FN:52,anonymous_5
FNDA:8,loadModel
FNDA:7,sigmoid
FNDA:7,predictNoShowProbability
FNDA:2,featuresFromBooking
FNDA:28,anonymous_4
FNDA:28,anonymous_5
FNF:6
FNH:6
BRDA:1,0,0,4
BRDA:24,1,0,8
BRDA:25,2,0,1
BRDA:31,3,0,7
BRDA:40,4,0,7
BRDA:43,5,0,3
BRDA:43,6,0,4
BRDA:44,7,0,2
BRDA:44,8,0,5
BRDA:59,9,0,2
BRDA:71,10,0,1
BRDA:49,11,0,28
BRDA:52,12,0,28
BRF:13
BRH:13
DA:1,4
DA:2,4
DA:3,4
DA:4,4
DA:5,4
DA:6,4
DA:7,4
DA:8,4
DA:9,4
DA:10,4
DA:11,4
DA:12,4
DA:13,4
DA:14,4
DA:15,4
DA:16,4
DA:17,4
DA:18,4
DA:19,4
DA:20,4
DA:21,4
DA:22,4
DA:23,4
DA:24,4
DA:25,8
DA:26,1
DA:27,1
DA:28,8
DA:29,4
DA:30,4
DA:31,4
DA:32,4
DA:33,4
DA:34,4
DA:35,4
DA:36,4
DA:37,4
DA:38,4
DA:39,4
DA:40,4
DA:41,7
DA:42,7
DA:43,7
DA:44,7
DA:45,7
DA:46,7
DA:47,7
DA:48,7
DA:49,7
DA:50,7
DA:51,7
DA:52,7
DA:53,7
DA:54,7
DA:55,7
DA:56,4
DA:57,4
DA:58,4
DA:59,4
DA:60,2
DA:61,2
DA:62,2
DA:63,2
DA:64,2
DA:65,2
DA:66,2
DA:67,2
DA:68,2
DA:69,2
DA:70,2
DA:71,2
DA:72,2
DA:73,4
LH:73
LF:73
end_of_record
SF:src/services/paymentService.js
FN:21,handlePaystackWebhook
FN:69,verifyTransaction
FN:109,confirmCheckout
FNDA:2,handlePaystackWebhook
FNDA:3,verifyTransaction
FNDA:1,confirmCheckout
FNF:3
FNH:3
BRDA:1,0,0,1
BRDA:21,1,0,2
BRDA:23,2,0,0
BRDA:27,3,0,1
BRDA:34,4,0,1
BRDA:36,5,0,0
BRDA:36,6,0,0
BRDA:44,7,0,1
BRDA:47,8,0,0
BRDA:49,9,0,0
BRDA:53,10,0,1
BRDA:69,11,0,3
BRDA:78,12,0,1
BRDA:78,13,0,2
BRDA:83,14,0,2
BRDA:84,15,0,2
BRDA:87,16,0,2
BRDA:88,17,0,2
BRDA:109,18,0,1
BRDA:112,19,0,0
BRDA:134,20,0,0
BRF:21
BRH:14
DA:1,1
DA:2,1
DA:3,1
DA:4,1
DA:5,1
DA:6,1
DA:7,1
DA:8,1
DA:9,1
DA:10,1
DA:11,1
DA:12,1
DA:13,1
DA:14,1
DA:15,1
DA:16,1
DA:17,1
DA:18,1
DA:19,1
DA:20,1
DA:21,1
DA:22,2
DA:23,2
DA:24,0
DA:25,0
DA:26,2
DA:27,2
DA:28,1
DA:29,1
DA:30,1
DA:31,1
DA:32,1
DA:33,2
DA:34,2
DA:35,2
DA:36,2
DA:37,0
DA:38,0
DA:39,0
DA:40,0
DA:41,0
DA:42,0
DA:43,0
DA:44,0
DA:45,1
DA:46,1
DA:47,2
DA:48,0
DA:49,2
DA:50,0
DA:51,0
DA:52,0
DA:53,0
DA:54,1
DA:55,1
DA:56,1
DA:57,1
DA:58,1
DA:59,1
DA:60,1
DA:61,1
DA:62,1
DA:63,1
DA:64,1
DA:65,1
DA:66,1
DA:67,1
DA:68,1
DA:69,1
DA:70,3
DA:71,3
DA:72,3
DA:73,3
DA:74,3
DA:75,3
DA:76,3
DA:77,3
DA:78,3
DA:79,2
DA:80,2
DA:81,2
DA:82,3
DA:83,3
DA:84,3
DA:85,3
DA:86,3
DA:87,3
DA:88,3
DA:89,3
DA:90,1
DA:91,1
DA:92,1
DA:93,1
DA:94,1
DA:95,1
DA:96,1
DA:97,1
DA:98,1
DA:99,1
DA:100,1
DA:101,1
DA:102,1
DA:103,1
DA:104,1
DA:105,1
DA:106,1
DA:107,1
DA:108,1
DA:109,1
DA:110,1
DA:111,1
DA:112,1
DA:113,0
DA:114,0
DA:115,0
DA:116,0
DA:117,0
DA:118,0
DA:119,0
DA:120,0
DA:121,0
DA:122,0
DA:123,0
DA:124,0
DA:125,0
DA:126,0
DA:127,0
DA:128,0
DA:129,0
DA:130,0
DA:131,0
DA:132,0
DA:133,0
DA:134,1
DA:135,0
DA:136,0
DA:137,0
DA:138,0
DA:139,0
DA:140,0
DA:141,0
DA:142,0
DA:143,0
DA:144,0
DA:145,1
LH:99
LF:145
end_of_record
SF:src/services/payoutService.js
FN:28,secretKey
FN:42,paystackRequest
FN:71,anonymous_2
FN:91,listBanks
FN:106,anonymous_4
FN:107,anonymous_5
FN:119,resolveAccount
FN:141,maskAccountNumber
FN:159,connectPayoutAccount
FN:216,getPayoutFor
FN:226,describePayout
FNDA:4,secretKey
FNDA:5,paystackRequest
FNDA:0,anonymous_2
FNDA:1,listBanks
FNDA:1,anonymous_4
FNDA:1,anonymous_5
FNDA:6,resolveAccount
FNDA:3,maskAccountNumber
FNDA:0,connectPayoutAccount
FNDA:0,getPayoutFor
FNDA:3,describePayout
FNF:11
FNH:8
BRDA:1,0,0,1
BRDA:28,1,0,4
BRDA:30,2,0,0
BRDA:42,3,0,5
BRDA:57,4,0,4
BRDA:57,5,0,1
BRDA:61,6,0,4
BRDA:62,7,0,1
BRDA:69,8,0,4
BRDA:73,9,0,2
BRDA:73,10,0,2
BRDA:75,11,0,0
BRDA:78,12,0,1
BRDA:78,13,0,1
BRDA:80,14,0,2
BRDA:91,15,0,1
BRDA:105,16,0,0
BRDA:106,17,0,1
BRDA:107,18,0,1
BRDA:119,19,0,6
BRDA:123,20,0,0
BRDA:123,21,0,1
BRDA:125,22,0,5
BRDA:126,23,0,1
BRDA:126,24,0,4
BRDA:132,25,0,1
BRDA:136,26,0,1
BRDA:136,27,0,0
BRDA:141,28,0,3
BRDA:142,29,0,1
BRDA:226,30,0,3
BRDA:227,31,0,2
BRDA:227,32,0,2
BRDA:227,33,0,1
BRDA:228,34,0,2
BRDA:228,35,0,1
BRDA:235,36,0,0
BRF:37
BRH:31
DA:1,1
DA:2,1
DA:3,1
DA:4,1
DA:5,1
DA:6,1
DA:7,1
DA:8,1
DA:9,1
DA:10,1
DA:11,1
DA:12,1
DA:13,1
DA:14,1
DA:15,1
DA:16,1
DA:17,1
DA:18,1
DA:19,1
DA:20,1
DA:21,1
DA:22,1
DA:23,1
DA:24,1
DA:25,1
DA:26,1
DA:27,1
DA:28,1
DA:29,4
DA:30,4
DA:31,0
DA:32,0
DA:33,4
DA:34,1
DA:35,1
DA:36,1
DA:37,1
DA:38,1
DA:39,1
DA:40,1
DA:41,1
DA:42,1
DA:43,5
DA:44,5
DA:45,5
DA:46,5
DA:47,5
DA:48,5
DA:49,5
DA:50,5
DA:51,5
DA:52,5
DA:53,5
DA:54,5
DA:55,5
DA:56,5
DA:57,5
DA:58,5
DA:59,5
DA:60,5
DA:61,5
DA:62,5
DA:63,1
DA:64,1
DA:65,1
DA:66,1
DA:67,1
DA:68,1
DA:69,1
DA:70,4
DA:71,4
DA:72,4
DA:73,5
DA:74,2
DA:75,2
DA:76,2
DA:77,2
DA:78,2
DA:79,2
DA:80,2
DA:81,2
DA:82,5
DA:83,1
DA:84,1
DA:85,1
DA:86,1
DA:87,1
DA:88,1
DA:89,1
DA:90,1
DA:91,1
DA:92,1
DA:93,1
DA:94,1
DA:95,1
DA:96,1
DA:97,1
DA:98,1
DA:99,1
DA:100,1
DA:101,1
DA:102,1
DA:103,1
DA:104,1
DA:105,1
DA:106,1
DA:107,1
DA:108,1
DA:109,1
DA:110,1
DA:111,1
DA:112,1
DA:113,1
DA:114,1
DA:115,1
DA:116,1
DA:117,1
DA:118,1
DA:119,1
DA:120,6
DA:121,6
DA:122,6
DA:123,6
DA:124,1
DA:125,1
DA:126,6
DA:127,4
DA:128,4
DA:129,4
DA:130,4
DA:131,4
DA:132,4
DA:133,1
DA:134,1
DA:135,6
DA:136,6
DA:137,6
DA:138,1
DA:139,1
DA:140,1
DA:141,1
DA:142,3
DA:143,3
DA:144,1
DA:145,1
DA:146,1
DA:147,1
DA:148,1
DA:149,1
DA:150,1
DA:151,1
DA:152,1
DA:153,1
DA:154,1
DA:155,1
DA:156,1
DA:157,1
DA:158,1
DA:159,1
DA:160,0
DA:161,0
DA:162,0
DA:163,0
DA:164,0
DA:165,0
DA:166,0
DA:167,0
DA:168,0
DA:169,0
DA:170,0
DA:171,0
DA:172,0
DA:173,0
DA:174,0
DA:175,0
DA:176,0
DA:177,0
DA:178,0
DA:179,0
DA:180,0
DA:181,0
DA:182,0
DA:183,0
DA:184,0
DA:185,0
DA:186,0
DA:187,0
DA:188,0
DA:189,0
DA:190,0
DA:191,0
DA:192,0
DA:193,0
DA:194,0
DA:195,0
DA:196,0
DA:197,0
DA:198,0
DA:199,0
DA:200,0
DA:201,0
DA:202,0
DA:203,0
DA:204,0
DA:205,0
DA:206,0
DA:207,0
DA:208,0
DA:209,0
DA:210,1
DA:211,1
DA:212,1
DA:213,1
DA:214,1
DA:215,1
DA:216,1
DA:217,0
DA:218,0
DA:219,1
DA:220,1
DA:221,1
DA:222,1
DA:223,1
DA:224,1
DA:225,1
DA:226,1
DA:227,3
DA:228,3
DA:229,1
DA:230,1
DA:231,1
DA:232,1
DA:233,1
DA:234,1
DA:235,3
DA:236,3
DA:237,3
DA:238,1
LH:184
LF:238
end_of_record
SF:src/services/pricingService.js
FN:46,toMinorUnits
FN:62,platformFeeMinor
FN:86,findTier
FN:110,priceBuyers
FN:147,buildSplit
FN:88,anonymous_5
FN:111,anonymous_6
FN:123,anonymous_7
FNDA:8,toMinorUnits
FNDA:17,platformFeeMinor
FNDA:8,findTier
FNDA:5,priceBuyers
FNDA:2,buildSplit
FNDA:16,anonymous_5
FNDA:7,anonymous_6
FNDA:6,anonymous_7
FNF:8
FNH:8
BRDA:1,0,0,3
BRDA:46,1,0,8
BRDA:62,2,0,17
BRDA:69,3,0,14
BRDA:69,4,0,8
BRDA:69,5,0,9
BRDA:70,6,0,2
BRDA:70,7,0,7
BRDA:86,8,0,8
BRDA:87,9,0,0
BRDA:90,10,0,2
BRDA:94,11,0,6
BRDA:110,12,0,5
BRDA:147,13,0,2
BRDA:88,14,0,16
BRDA:111,15,0,7
BRDA:119,16,0,0
BRDA:123,17,0,6
BRF:18
BRH:16
DA:1,3
DA:2,3
DA:3,3
DA:4,3
DA:5,3
DA:6,3
DA:7,3
DA:8,3
DA:9,3
DA:10,3
DA:11,3
DA:12,3
DA:13,3
DA:14,3
DA:15,3
DA:16,3
DA:17,3
DA:18,3
DA:19,3
DA:20,3
DA:21,3
DA:22,3
DA:23,3
DA:24,3
DA:25,3
DA:26,3
DA:27,3
DA:28,3
DA:29,3
DA:30,3
DA:31,3
DA:32,3
DA:33,3
DA:34,3
DA:35,3
DA:36,3
DA:37,3
DA:38,3
DA:39,3
DA:40,3
DA:41,3
DA:42,3
DA:43,3
DA:44,3
DA:45,3
DA:46,3
DA:47,3
DA:48,3
DA:49,3
DA:50,3
DA:51,3
DA:52,3
DA:53,3
DA:54,3
DA:55,3
DA:56,3
DA:57,3
DA:58,3
DA:59,3
DA:60,3
DA:61,3
DA:62,3
DA:63,17
DA:64,17
DA:65,17
DA:66,17
DA:67,17
DA:68,17
DA:69,17
DA:70,17
DA:71,7
DA:72,7
DA:73,7
DA:74,7
DA:75,7
DA:76,3
DA:77,3
DA:78,3
DA:79,3
DA:80,3
DA:81,3
DA:82,3
DA:83,3
DA:84,3
DA:85,3
DA:86,3
DA:87,8
DA:88,8
DA:89,8
DA:90,8
DA:91,2
DA:92,2
DA:93,2
DA:94,2
DA:95,6
DA:96,3
DA:97,3
DA:98,3
DA:99,3
DA:100,3
DA:101,3
DA:102,3
DA:103,3
DA:104,3
DA:105,3
DA:106,3
DA:107,3
DA:108,3
DA:109,3
DA:110,3
DA:111,5
DA:112,7
DA:113,7
DA:114,7
DA:115,7
DA:116,7
DA:117,7
DA:118,7
DA:119,7
DA:120,7
DA:121,5
DA:122,5
DA:123,5
DA:124,5
DA:125,5
DA:126,3
DA:127,3
DA:128,3
DA:129,3
DA:130,3
DA:131,3
DA:132,3
DA:133,3
DA:134,3
DA:135,3
DA:136,3
DA:137,3
DA:138,3
DA:139,3
DA:140,3
DA:141,3
DA:142,3
DA:143,3
DA:144,3
DA:145,3
DA:146,3
DA:147,3
DA:148,2
DA:149,2
DA:150,2
DA:151,3
LH:151
LF:151
end_of_record
SF:src/services/retentionService.js
FN:21,isPastRetentionWindow
FN:36,eraseGuest
FN:50,requestErasure
FN:67,sweepExpiredEvents
FNDA:7,isPastRetentionWindow
FNDA:0,eraseGuest
FNDA:0,requestErasure
FNDA:0,sweepExpiredEvents
FNF:4
FNH:1
BRDA:1,0,0,1
BRDA:21,1,0,7
BRDA:26,2,0,6
BRDA:26,3,0,2
BRDA:26,4,0,5
BRF:5
BRH:5
DA:1,1
DA:2,1
DA:3,1
DA:4,1
DA:5,1
DA:6,1
DA:7,1
DA:8,1
DA:9,1
DA:10,1
DA:11,1
DA:12,1
DA:13,1
DA:14,1
DA:15,1
DA:16,1
DA:17,1
DA:18,1
DA:19,1
DA:20,1
DA:21,1
DA:22,7
DA:23,7
DA:24,7
DA:25,7
DA:26,7
DA:27,5
DA:28,5
DA:29,5
DA:30,1
DA:31,1
DA:32,1
DA:33,1
DA:34,1
DA:35,1
DA:36,1
DA:37,0
DA:38,0
DA:39,0
DA:40,0
DA:41,0
DA:42,0
DA:43,0
DA:44,1
DA:45,1
DA:46,1
DA:47,1
DA:48,1
DA:49,1
DA:50,1
DA:51,0
DA:52,0
DA:53,0
DA:54,0
DA:55,0
DA:56,0
DA:57,1
DA:58,1
DA:59,1
DA:60,1
DA:61,1
DA:62,1
DA:63,1
DA:64,1
DA:65,1
DA:66,1
DA:67,1
DA:68,0
DA:69,0
DA:70,0
DA:71,0
DA:72,0
DA:73,0
DA:74,0
DA:75,0
DA:76,0
DA:77,0
DA:78,0
DA:79,0
DA:80,0
DA:81,0
DA:82,0
DA:83,0
DA:84,0
DA:85,0
DA:86,0
DA:87,0
DA:88,0
DA:89,0
DA:90,0
DA:91,0
DA:92,0
DA:93,0
DA:94,0
DA:95,0
DA:96,0
DA:97,0
DA:98,0
DA:99,0
DA:100,0
DA:101,0
DA:102,0
DA:103,1
LH:55
LF:103
end_of_record
SF:src/services/userService.js
FN:20,getAllUsers
FN:26,getUserById
FN:32,updateMe
FN:51,deleteMe
FN:77,canChangeRole
FN:117,canDeleteUser
FN:153,deleteUser
FN:171,changeUserRole
FNDA:0,getAllUsers
FNDA:0,getUserById
FNDA:0,updateMe
FNDA:0,deleteMe
FNDA:14,canChangeRole
FNDA:7,canDeleteUser
FNDA:0,deleteUser
FNDA:0,changeUserRole
FNF:8
FNH:2
BRDA:1,0,0,1
BRDA:77,1,0,14
BRDA:78,2,0,3
BRDA:84,3,0,11
BRDA:85,4,0,5
BRDA:87,5,0,6
BRDA:88,6,0,1
BRDA:90,7,0,5
BRDA:91,8,0,1
BRDA:97,9,0,4
BRDA:98,10,0,2
BRDA:98,11,0,1
BRDA:104,12,0,3
BRDA:117,13,0,7
BRDA:118,14,0,3
BRDA:124,15,0,4
BRDA:125,16,0,1
BRDA:127,17,0,3
BRDA:128,18,0,1
BRDA:134,19,0,2
BRDA:135,20,0,1
BRF:21
BRH:21
DA:1,1
DA:2,1
DA:3,1
DA:4,1
DA:5,1
DA:6,1
DA:7,1
DA:8,1
DA:9,1
DA:10,1
DA:11,1
DA:12,1
DA:13,1
DA:14,1
DA:15,1
DA:16,1
DA:17,1
DA:18,1
DA:19,1
DA:20,1
DA:21,1
DA:22,1
DA:23,1
DA:24,1
DA:25,1
DA:26,1
DA:27,1
DA:28,1
DA:29,1
DA:30,1
DA:31,1
DA:32,1
DA:33,0
DA:34,0
DA:35,0
DA:36,0
DA:37,0
DA:38,0
DA:39,0
DA:40,0
DA:41,0
DA:42,0
DA:43,0
DA:44,0
DA:45,0
DA:46,1
DA:47,1
DA:48,1
DA:49,1
DA:50,1
DA:51,1
DA:52,1
DA:53,1
DA:54,1
DA:55,1
DA:56,1
DA:57,1
DA:58,1
DA:59,1
DA:60,1
DA:61,1
DA:62,1
DA:63,1
DA:64,1
DA:65,1
DA:66,1
DA:67,1
DA:68,1
DA:69,1
DA:70,1
DA:71,1
DA:72,1
DA:73,1
DA:74,1
DA:75,1
DA:76,1
DA:77,1
DA:78,14
DA:79,3
DA:80,3
DA:81,3
DA:82,3
DA:83,3
DA:84,3
DA:85,14
DA:86,5
DA:87,5
DA:88,14
DA:89,1
DA:90,1
DA:91,14
DA:92,1
DA:93,1
DA:94,1
DA:95,1
DA:96,1
DA:97,1
DA:98,14
DA:99,1
DA:100,1
DA:101,1
DA:102,1
DA:103,1
DA:104,1
DA:105,3
DA:106,1
DA:107,1
DA:108,1
DA:109,1
DA:110,1
DA:111,1
DA:112,1
DA:113,1
DA:114,1
DA:115,1
DA:116,1
DA:117,1
DA:118,7
DA:119,3
DA:120,3
DA:121,3
DA:122,3
DA:123,3
DA:124,3
DA:125,7
DA:126,1
DA:127,1
DA:128,7
DA:129,1
DA:130,1
DA:131,1
DA:132,1
DA:133,1
DA:134,1
DA:135,7
DA:136,1
DA:137,1
DA:138,1
DA:139,1
DA:140,1
DA:141,1
DA:142,1
DA:143,1
DA:144,1
DA:145,1
DA:146,1
DA:147,1
DA:148,1
DA:149,1
DA:150,1
DA:151,1
DA:152,1
DA:153,1
DA:154,0
DA:155,0
DA:156,0
DA:157,0
DA:158,0
DA:159,0
DA:160,0
DA:161,1
DA:162,1
DA:163,1
DA:164,1
DA:165,1
DA:166,1
DA:167,1
DA:168,1
DA:169,1
DA:170,1
DA:171,1
DA:172,0
DA:173,0
DA:174,0
DA:175,0
DA:176,0
DA:177,0
DA:178,0
DA:179,0
DA:180,1
LH:152
LF:180
end_of_record
SF:src/services/weatherService.js
FN:16,__setFetchForTesting
FN:62,describeWeatherCode
FN:75,geocode
FN:99,daysUntil
FN:120,getDailyForecast
FN:165,buildAdvice
FN:255,getEventConditions
FNDA:10,__setFetchForTesting
FNDA:3,describeWeatherCode
FNDA:4,geocode
FNDA:3,daysUntil
FNDA:2,getDailyForecast
FNDA:6,buildAdvice
FNDA:0,getEventConditions
FNF:7
FNH:6
BRDA:1,0,0,2
BRDA:16,1,0,10
BRDA:17,2,0,5
BRDA:62,3,0,3
BRDA:62,4,0,1
BRDA:75,5,0,4
BRDA:76,6,0,3
BRDA:76,7,0,2
BRDA:84,8,0,0
BRDA:84,9,0,2
BRDA:88,10,0,1
BRDA:94,11,0,0
BRDA:94,12,0,0
BRDA:99,13,0,3
BRDA:120,14,0,2
BRDA:134,15,0,0
BRDA:137,16,0,0
BRDA:138,17,0,1
BRDA:143,18,0,1
BRDA:144,19,0,1
BRDA:145,20,0,1
BRDA:145,21,0,0
BRDA:146,22,0,1
BRDA:146,23,0,0
BRDA:165,24,0,6
BRDA:171,25,0,1
BRDA:171,26,0,1
BRDA:175,27,0,3
BRDA:183,28,0,2
BRDA:185,29,0,1
BRDA:185,30,0,0
BRDA:187,31,0,0
BRDA:193,32,0,2
BRDA:193,33,0,0
BRDA:193,34,0,1
BRDA:195,35,0,0
BRDA:198,36,0,0
BRDA:204,37,0,1
BRDA:204,38,0,2
BRDA:209,39,0,0
BRDA:217,40,0,1
BRDA:217,41,0,5
BRDA:218,42,0,1
BRDA:218,43,0,0
BRDA:218,44,0,1
BRDA:224,45,0,1
BRDA:224,46,0,1
BRDA:227,47,0,1
BRDA:227,48,0,1
BRDA:230,49,0,0
BRDA:230,50,0,0
BRDA:234,51,0,3
BRF:52
BRH:36
DA:1,2
DA:2,2
DA:3,2
DA:4,2
DA:5,2
DA:6,2
DA:7,2
DA:8,2
DA:9,2
DA:10,2
DA:11,2
DA:12,2
DA:13,2
DA:14,2
DA:15,2
DA:16,2
DA:17,10
DA:18,2
DA:19,2
DA:20,2
DA:21,2
DA:22,2
DA:23,2
DA:24,2
DA:25,2
DA:26,2
DA:27,2
DA:28,2
DA:29,2
DA:30,2
DA:31,2
DA:32,2
DA:33,2
DA:34,2
DA:35,2
DA:36,2
DA:37,2
DA:38,2
DA:39,2
DA:40,2
DA:41,2
DA:42,2
DA:43,2
DA:44,2
DA:45,2
DA:46,2
DA:47,2
DA:48,2
DA:49,2
DA:50,2
DA:51,2
DA:52,2
DA:53,2
DA:54,2
DA:55,2
DA:56,2
DA:57,2
DA:58,2
DA:59,2
DA:60,2
DA:61,2
DA:62,2
DA:63,2
DA:64,2
DA:65,2
DA:66,2
DA:67,2
DA:68,2
DA:69,2
DA:70,2
DA:71,2
DA:72,2
DA:73,2
DA:74,2
DA:75,2
DA:76,4
DA:77,2
DA:78,2
DA:79,2
DA:80,2
DA:81,2
DA:82,2
DA:83,2
DA:84,4
DA:85,2
DA:86,2
DA:87,4
DA:88,4
DA:89,1
DA:90,1
DA:91,1
DA:92,1
DA:93,1
DA:94,4
DA:95,4
DA:96,2
DA:97,2
DA:98,2
DA:99,2
DA:100,3
DA:101,3
DA:102,3
DA:103,3
DA:104,3
DA:105,3
DA:106,3
DA:107,3
DA:108,3
DA:109,3
DA:110,3
DA:111,2
DA:112,2
DA:113,2
DA:114,2
DA:115,2
DA:116,2
DA:117,2
DA:118,2
DA:119,2
DA:120,2
DA:121,2
DA:122,2
DA:123,2
DA:124,2
DA:125,2
DA:126,2
DA:127,2
DA:128,2
DA:129,2
DA:130,2
DA:131,2
DA:132,2
DA:133,2
DA:134,2
DA:135,2
DA:136,2
DA:137,2
DA:138,2
DA:139,1
DA:140,2
DA:141,2
DA:142,2
DA:143,2
DA:144,2
DA:145,2
DA:146,2
DA:147,2
DA:148,2
DA:149,2
DA:150,2
DA:151,2
DA:152,2
DA:153,2
DA:154,2
DA:155,2
DA:156,2
DA:157,2
DA:158,2
DA:159,2
DA:160,2
DA:161,2
DA:162,2
DA:163,2
DA:164,2
DA:165,2
DA:166,6
DA:167,6
DA:168,6
DA:169,6
DA:170,6
DA:171,6
DA:172,1
DA:173,1
DA:174,6
DA:175,6
DA:176,3
DA:177,3
DA:178,3
DA:179,3
DA:180,3
DA:181,3
DA:182,3
DA:183,3
DA:184,2
DA:185,3
DA:186,0
DA:187,1
DA:188,0
DA:189,0
DA:190,0
DA:191,0
DA:192,3
DA:193,3
DA:194,1
DA:195,1
DA:196,1
DA:197,1
DA:198,3
DA:199,0
DA:200,0
DA:201,0
DA:202,0
DA:203,3
DA:204,3
DA:205,2
DA:206,2
DA:207,2
DA:208,2
DA:209,3
DA:210,0
DA:211,0
DA:212,0
DA:213,0
DA:214,3
DA:215,6
DA:216,6
DA:217,6
DA:218,6
DA:219,1
DA:220,1
DA:221,1
DA:222,1
DA:223,6
DA:224,6
DA:225,1
DA:226,1
DA:227,6
DA:228,1
DA:229,1
DA:230,6
DA:231,0
DA:232,0
DA:233,6
DA:234,6
DA:235,3
DA:236,3
DA:237,3
DA:238,3
DA:239,6
DA:240,6
DA:241,6
DA:242,6
DA:243,6
DA:244,2
DA:245,2
DA:246,2
DA:247,2
DA:248,2
DA:249,2
DA:250,2
DA:251,2
DA:252,2
DA:253,2
DA:254,2
DA:255,2
DA:256,0
DA:257,0
DA:258,0
DA:259,0
DA:260,0
DA:261,0
DA:262,0
DA:263,0
DA:264,0
DA:265,0
DA:266,0
DA:267,0
DA:268,0
DA:269,0
DA:270,0
DA:271,0
DA:272,0
DA:273,0
DA:274,0
DA:275,0
DA:276,0
DA:277,0
DA:278,0
DA:279,0
DA:280,0
DA:281,0
DA:282,0
DA:283,0
DA:284,0
DA:285,0
DA:286,0
DA:287,0
DA:288,0
DA:289,0
DA:290,0
DA:291,0
DA:292,0
DA:293,0
DA:294,0
DA:295,0
DA:296,0
DA:297,0
DA:298,0
DA:299,0
DA:300,0
DA:301,0
DA:302,0
DA:303,0
DA:304,0
DA:305,0
DA:306,0
DA:307,0
DA:308,0
DA:309,0
DA:310,0
DA:311,0
DA:312,0
DA:313,0
DA:314,0
DA:315,0
DA:316,0
DA:317,0
DA:318,0
DA:319,0
DA:320,0
DA:321,0
DA:322,0
DA:323,0
DA:324,0
DA:325,0
DA:326,0
DA:327,0
DA:328,0
DA:329,0
DA:330,0
DA:331,0
DA:332,0
DA:333,0
DA:334,0
DA:335,0
DA:336,2
DA:337,2
DA:338,2
DA:339,2
DA:340,2
DA:341,2
DA:342,2
DA:343,2
DA:344,2
LH:249
LF:344
end_of_record
SF:src/shared/errors/AppError.js
FN:9,AppError
FNDA:9,AppError
FNF:1
FNH:1
BRDA:1,0,0,11
BRDA:9,1,0,9
BRDA:13,2,0,3
BRDA:13,3,0,2
BRDA:15,4,0,0
BRF:5
BRH:4
DA:1,11
DA:2,11
DA:3,11
DA:4,11
DA:5,11
DA:6,11
DA:7,11
DA:8,11
DA:9,11
DA:10,9
DA:11,9
DA:12,9
DA:13,9
DA:14,9
DA:15,9
DA:16,9
DA:17,9
DA:18,9
DA:19,11
DA:20,11
DA:21,11
LH:21
LF:21
end_of_record
SF:src/shared/events/admissionEvents.js
FN:15,emitAdmitted
FN:18,emitRejected
FNDA:0,emitAdmitted
FNDA:0,emitRejected
FNF:2
FNH:0
BRDA:1,0,0,3
BRF:1
BRH:1
DA:1,3
DA:2,3
DA:3,3
DA:4,3
DA:5,3
DA:6,3
DA:7,3
DA:8,3
DA:9,3
DA:10,3
DA:11,3
DA:12,3
DA:13,3
DA:14,3
DA:15,3
DA:16,3
DA:17,3
DA:18,3
DA:19,3
LH:19
LF:19
end_of_record
SF:src/shared/events/networkingEvents.js
FN:21,emitMessage
FNDA:0,emitMessage
FNF:1
FNH:0
BRDA:1,0,0,2
BRF:1
BRH:1
DA:1,2
DA:2,2
DA:3,2
DA:4,2
DA:5,2
DA:6,2
DA:7,2
DA:8,2
DA:9,2
DA:10,2
DA:11,2
DA:12,2
DA:13,2
DA:14,2
DA:15,2
DA:16,2
DA:17,2
DA:18,2
DA:19,2
DA:20,2
DA:21,2
DA:22,2
LH:22
LF:22
end_of_record
SF:src/shared/utils/apiFeatures.js
FN:3,capitalize
FN:8,APIFeatures
FN:13,filter
FN:42,sort
FN:51,limitFields
FN:63,populate
FN:68,paginate
FNDA:0,capitalize
FNDA:0,APIFeatures
FNDA:0,filter
FNDA:0,sort
FNDA:0,limitFields
FNDA:0,populate
FNDA:0,paginate
FNF:7
FNH:0
BRDA:1,0,0,8
BRF:1
BRH:1
DA:1,8
DA:2,8
DA:3,0
DA:4,0
DA:5,0
DA:6,8
DA:7,8
DA:8,8
DA:9,0
DA:10,0
DA:11,0
DA:12,8
DA:13,8
DA:14,0
DA:15,0
DA:16,0
DA:17,0
DA:18,0
DA:19,0
DA:20,0
DA:21,0
DA:22,0
DA:23,0
DA:24,0
DA:25,0
DA:26,0
DA:27,0
DA:28,0
DA:29,0
DA:30,0
DA:31,0
DA:32,0
DA:33,0
DA:34,0
DA:35,0
DA:36,0
DA:37,0
DA:38,0
DA:39,0
DA:40,0
DA:41,8
DA:42,8
DA:43,0
DA:44,0
DA:45,0
DA:46,0
DA:47,0
DA:48,0
DA:49,0
DA:50,8
DA:51,8
DA:52,0
DA:53,0
DA:54,0
DA:55,0
DA:56,0
DA:57,0
DA:58,0
DA:59,0
DA:60,0
DA:61,0
DA:62,8
DA:63,8
DA:64,0
DA:65,0
DA:66,0
DA:67,8
DA:68,8
DA:69,0
DA:70,0
DA:71,0
DA:72,0
DA:73,0
DA:74,0
DA:75,0
DA:76,0
DA:77,8
DA:78,8
DA:79,8
LH:18
LF:79
end_of_record
SF:src/shared/utils/document.js
FN:16,pdfTemplate
FNDA:3,pdfTemplate
FNF:1
FNH:1
BRDA:1,0,0,2
BRDA:16,1,0,3
BRDA:76,2,0,0
BRDA:98,3,0,0
BRDA:113,4,0,0
BRDA:114,5,0,0
BRDA:114,6,0,0
BRDA:118,7,0,2
BRDA:118,8,0,0
BRDA:118,9,0,1
BRDA:161,10,0,0
BRF:11
BRH:4
DA:1,2
DA:2,2
DA:3,2
DA:4,2
DA:5,2
DA:6,2
DA:7,2
DA:8,2
DA:9,2
DA:10,2
DA:11,2
DA:12,2
DA:13,2
DA:14,2
DA:15,2
DA:16,2
DA:17,3
DA:18,3
DA:19,3
DA:20,3
DA:21,3
DA:22,3
DA:23,3
DA:24,3
DA:25,3
DA:26,3
DA:27,3
DA:28,3
DA:29,3
DA:30,3
DA:31,3
DA:32,3
DA:33,3
DA:34,3
DA:35,3
DA:36,3
DA:37,3
DA:38,3
DA:39,3
DA:40,3
DA:41,3
DA:42,3
DA:43,3
DA:44,3
DA:45,3
DA:46,3
DA:47,3
DA:48,3
DA:49,3
DA:50,3
DA:51,3
DA:52,3
DA:53,3
DA:54,3
DA:55,3
DA:56,3
DA:57,3
DA:58,3
DA:59,3
DA:60,3
DA:61,3
DA:62,3
DA:63,3
DA:64,3
DA:65,3
DA:66,3
DA:67,3
DA:68,3
DA:69,3
DA:70,3
DA:71,3
DA:72,3
DA:73,3
DA:74,3
DA:75,3
DA:76,3
DA:77,3
DA:78,3
DA:79,3
DA:80,3
DA:81,3
DA:82,3
DA:83,3
DA:84,3
DA:85,3
DA:86,3
DA:87,3
DA:88,3
DA:89,3
DA:90,3
DA:91,3
DA:92,3
DA:93,3
DA:94,3
DA:95,3
DA:96,3
DA:97,3
DA:98,3
DA:99,3
DA:100,3
DA:101,3
DA:102,3
DA:103,3
DA:104,3
DA:105,3
DA:106,3
DA:107,3
DA:108,3
DA:109,3
DA:110,3
DA:111,3
DA:112,3
DA:113,3
DA:114,3
DA:115,3
DA:116,3
DA:117,3
DA:118,3
DA:119,3
DA:120,3
DA:121,3
DA:122,3
DA:123,3
DA:124,3
DA:125,3
DA:126,3
DA:127,3
DA:128,3
DA:129,3
DA:130,3
DA:131,3
DA:132,3
DA:133,3
DA:134,3
DA:135,3
DA:136,3
DA:137,3
DA:138,3
DA:139,3
DA:140,3
DA:141,3
DA:142,3
DA:143,3
DA:144,3
DA:145,3
DA:146,3
DA:147,3
DA:148,3
DA:149,3
DA:150,3
DA:151,3
DA:152,3
DA:153,3
DA:154,3
DA:155,3
DA:156,3
DA:157,3
DA:158,3
DA:159,3
DA:160,3
DA:161,3
DA:162,3
DA:163,3
DA:164,3
DA:165,3
DA:166,3
DA:167,3
DA:168,3
DA:169,3
DA:170,3
DA:171,3
DA:172,3
DA:173,3
DA:174,3
DA:175,2
DA:176,2
DA:177,2
LH:177
LF:177
end_of_record
SF:src/shared/utils/generatePdf.js
FN:15,sendPdf
FNDA:0,sendPdf
FNF:1
FNH:0
BRDA:1,0,0,1
BRF:1
BRH:1
DA:1,1
DA:2,1
DA:3,1
DA:4,1
DA:5,1
DA:6,1
DA:7,1
DA:8,1
DA:9,1
DA:10,1
DA:11,1
DA:12,1
DA:13,1
DA:14,1
DA:15,1
DA:16,0
DA:17,0
DA:18,0
DA:19,0
DA:20,0
DA:21,0
DA:22,0
DA:23,0
DA:24,0
DA:25,0
DA:26,0
DA:27,0
DA:28,0
DA:29,0
DA:30,0
DA:31,0
DA:32,0
DA:33,0
DA:34,0
DA:35,0
DA:36,0
DA:37,0
DA:38,0
DA:39,0
DA:40,0
DA:41,0
DA:42,0
DA:43,0
DA:44,0
DA:45,0
DA:46,0
DA:47,1
LH:16
LF:47
end_of_record
SF:src/shared/utils/generateQrCode.js
FN:32,generateQRCode
FN:38,generateQRCodeBuffer
FNDA:1,generateQRCode
FNDA:1,generateQRCodeBuffer
FNF:2
FNH:2
BRDA:1,0,0,2
BRDA:32,1,0,1
BRDA:38,2,0,1
BRF:3
BRH:3
DA:1,2
DA:2,2
DA:3,2
DA:4,2
DA:5,2
DA:6,2
DA:7,2
DA:8,2
DA:9,2
DA:10,2
DA:11,2
DA:12,2
DA:13,2
DA:14,2
DA:15,2
DA:16,2
DA:17,2
DA:18,2
DA:19,2
DA:20,2
DA:21,2
DA:22,2
DA:23,2
DA:24,2
DA:25,2
DA:26,2
DA:27,2
DA:28,2
DA:29,2
DA:30,2
DA:31,2
DA:32,2
DA:33,2
DA:34,2
DA:35,2
DA:36,2
DA:37,2
DA:38,2
DA:39,2
DA:40,2
LH:40
LF:40
end_of_record
SF:src/shared/utils/inviteToken.js
FN:11,generateInviteToken
FNDA:2,generateInviteToken
FNF:1
FNH:1
BRDA:1,0,0,1
BRDA:11,1,0,2
BRF:2
BRH:2
DA:1,1
DA:2,1
DA:3,1
DA:4,1
DA:5,1
DA:6,1
DA:7,1
DA:8,1
DA:9,1
DA:10,1
DA:11,1
DA:12,1
LH:12
LF:12
end_of_record
SF:src/shared/utils/networkingOtp.js
FN:16,generateOtp
FN:24,hashOtp
FN:36,verifyOtp
FNDA:4205,generateOtp
FNDA:9,hashOtp
FNDA:8,verifyOtp
FNF:3
FNH:3
BRDA:1,0,0,1
BRDA:16,1,0,4205
BRDA:24,2,0,9
BRDA:36,3,0,8
BRDA:37,4,0,6
BRDA:37,5,0,5
BRDA:37,6,0,4
BRDA:38,7,0,1
BRDA:38,8,0,3
BRDA:42,9,0,1
BRDA:42,10,0,2
BRF:11
BRH:11
DA:1,1
DA:2,1
DA:3,1
DA:4,1
DA:5,1
DA:6,1
DA:7,1
DA:8,1
DA:9,1
DA:10,1
DA:11,1
DA:12,1
DA:13,1
DA:14,1
DA:15,1
DA:16,1
DA:17,1
DA:18,1
DA:19,1
DA:20,1
DA:21,1
DA:22,1
DA:23,1
DA:24,1
DA:25,1
DA:26,1
DA:27,1
DA:28,1
DA:29,1
DA:30,1
DA:31,1
DA:32,1
DA:33,1
DA:34,1
DA:35,1
DA:36,1
DA:37,8
DA:38,8
DA:39,3
DA:40,3
DA:41,3
DA:42,8
DA:43,2
DA:44,2
DA:45,1
LH:45
LF:45
end_of_record
SF:src/shared/utils/parseGuestCsv.js
FN:13,parseGuestCsv
FN:18,anonymous_1
FN:24,anonymous_2
FN:35,anonymous_3
FN:58,splitCsvLine
FNDA:6,parseGuestCsv
FNDA:9,anonymous_1
FNDA:11,anonymous_2
FNDA:16,anonymous_3
FNDA:229,splitCsvLine
FNF:5
FNH:5
BRDA:1,0,0,1
BRDA:13,1,0,6
BRDA:16,2,0,4
BRDA:16,3,0,2
BRDA:16,4,0,4
BRDA:19,5,0,0
BRDA:19,6,0,4
BRDA:26,7,0,1
BRDA:27,8,0,3
BRDA:30,9,0,4
BRDA:41,10,0,1
BRDA:44,11,0,5
BRDA:49,12,0,2
BRDA:50,13,0,4
BRDA:18,14,0,9
BRDA:24,15,0,11
BRDA:35,16,0,16
BRDA:36,17,0,0
BRDA:58,18,0,10
BRDA:62,19,0,229
BRDA:64,20,0,2
BRDA:65,21,0,1
BRDA:65,22,0,0
BRDA:71,23,0,227
BRDA:71,24,0,18
BRDA:71,25,0,17
BRDA:74,26,0,210
BRF:27
BRH:24
DA:1,1
DA:2,1
DA:3,1
DA:4,1
DA:5,1
DA:6,1
DA:7,1
DA:8,1
DA:9,1
DA:10,1
DA:11,1
DA:12,1
DA:13,1
DA:14,6
DA:15,6
DA:16,6
DA:17,4
DA:18,4
DA:19,6
DA:20,4
DA:21,4
DA:22,4
DA:23,4
DA:24,4
DA:25,4
DA:26,6
DA:27,6
DA:28,3
DA:29,3
DA:30,3
DA:31,4
DA:32,6
DA:33,6
DA:34,6
DA:35,6
DA:36,16
DA:37,6
DA:38,6
DA:39,6
DA:40,6
DA:41,6
DA:42,1
DA:43,1
DA:44,1
DA:45,5
DA:46,5
DA:47,5
DA:48,5
DA:49,6
DA:50,6
DA:51,6
DA:52,6
DA:53,6
DA:54,6
DA:55,1
DA:56,1
DA:57,1
DA:58,10
DA:59,10
DA:60,10
DA:61,10
DA:62,10
DA:63,229
DA:64,229
DA:65,2
DA:66,0
DA:67,0
DA:68,2
DA:69,2
DA:70,2
DA:71,229
DA:72,17
DA:73,17
DA:74,227
DA:75,210
DA:76,210
DA:77,229
DA:78,10
DA:79,10
DA:80,10
LH:78
LF:80
end_of_record
SF:src/shared/utils/paystack.js
FN:23,isValidPaystackSignature
FNDA:9,isValidPaystackSignature
FNF:1
FNH:1
BRDA:1,0,0,2
BRDA:23,1,0,9
BRDA:34,2,0,1
BRDA:24,3,0,5
BRDA:24,4,0,4
BRDA:24,5,0,3
BRDA:24,6,0,4
BRDA:34,7,0,1
BRDA:34,8,0,3
BRF:9
BRH:9
DA:1,2
DA:2,2
DA:3,2
DA:4,2
DA:5,2
DA:6,2
DA:7,2
DA:8,2
DA:9,2
DA:10,2
DA:11,2
DA:12,2
DA:13,2
DA:14,2
DA:15,2
DA:16,2
DA:17,2
DA:18,2
DA:19,2
DA:20,2
DA:21,2
DA:22,2
DA:23,2
DA:24,9
DA:25,4
DA:26,4
DA:27,4
DA:28,4
DA:29,4
DA:30,4
DA:31,4
DA:32,4
DA:33,4
DA:34,9
DA:35,3
DA:36,2
LH:36
LF:36
end_of_record
SF:src/shared/utils/sendNetworkingLive.js
FN:17,sendNetworkingLive
FNDA:0,sendNetworkingLive
FNF:1
FNH:0
BRDA:1,0,0,1
BRF:1
BRH:1
DA:1,1
DA:2,1
DA:3,1
DA:4,1
DA:5,1
DA:6,1
DA:7,1
DA:8,1
DA:9,1
DA:10,1
DA:11,1
DA:12,1
DA:13,1
DA:14,1
DA:15,1
DA:16,1
DA:17,1
DA:18,0
DA:19,0
DA:20,0
DA:21,0
DA:22,0
DA:23,0
DA:24,0
DA:25,0
DA:26,0
DA:27,0
DA:28,0
DA:29,0
DA:30,0
DA:31,0
DA:32,0
DA:33,0
DA:34,0
DA:35,0
DA:36,0
DA:37,0
DA:38,0
DA:39,0
DA:40,0
DA:41,0
DA:42,0
DA:43,0
DA:44,0
DA:45,1
LH:18
LF:45
end_of_record
SF:src/shared/utils/ticketIdGenerator.js
FN:29,generateTicketId
FNDA:303600,generateTicketId
FNF:1
FNH:1
BRDA:1,0,0,2
BRDA:29,1,0,25300
BRDA:33,2,0,303600
BRF:3
BRH:3
DA:1,2
DA:2,2
DA:3,2
DA:4,2
DA:5,2
DA:6,2
DA:7,2
DA:8,2
DA:9,2
DA:10,2
DA:11,2
DA:12,2
DA:13,2
DA:14,2
DA:15,2
DA:16,2
DA:17,2
DA:18,2
DA:19,2
DA:20,2
DA:21,2
DA:22,2
DA:23,2
DA:24,2
DA:25,2
DA:26,2
DA:27,2
DA:28,2
DA:29,2
DA:30,25300
DA:31,25300
DA:32,25300
DA:33,25300
DA:34,303600
DA:35,303600
DA:36,25300
DA:37,25300
DA:38,2
DA:39,2
DA:40,2
LH:40
LF:40
end_of_record
SF:tests/fixtures/anomalyCases.js
FN:16,mulberry32
FN:17,next
FN:27,jitter
FN:29,row
FN:43,build
FN:49,build
FN:62,build
FN:74,build
FN:86,build
FN:98,build
FN:112,build
FN:132,build
FN:143,buildAnomalyEvalSet
FNDA:1,mulberry32
FNDA:235,next
FNDA:235,jitter
FNDA:381,row
FNDA:30,build
FNDA:25,build
FNDA:15,build
FNDA:15,build
FNDA:20,build
FNDA:20,build
FNDA:15,build
FNDA:12,build
FNDA:152,buildAnomalyEvalSet
FNF:13
FNH:13
BRDA:1,0,0,1
BRDA:16,1,0,1
BRDA:17,2,0,235
BRDA:27,3,0,235
BRDA:29,4,0,381
BRDA:43,5,0,30
BRDA:49,6,0,25
BRDA:62,7,0,15
BRDA:74,8,0,15
BRDA:86,9,0,20
BRDA:98,10,0,20
BRDA:112,11,0,15
BRDA:132,12,0,12
BRDA:143,13,0,1
BRDA:145,14,0,8
BRDA:146,15,0,152
BRF:16
BRH:16
DA:1,1
DA:2,1
DA:3,1
DA:4,1
DA:5,1
DA:6,1
DA:7,1
DA:8,1
DA:9,1
DA:10,1
DA:11,1
DA:12,1
DA:13,1
DA:14,1
DA:15,1
DA:16,1
DA:17,1
DA:18,235
DA:19,235
DA:20,235
DA:21,235
DA:22,235
DA:23,1
DA:24,1
DA:25,1
DA:26,1
DA:27,1
DA:28,1
DA:29,1
DA:30,381
DA:31,381
DA:32,381
DA:33,1
DA:34,1
DA:35,1
DA:36,1
DA:37,1
DA:38,1
DA:39,1
DA:40,1
DA:41,1
DA:42,1
DA:43,1
DA:44,1
DA:45,1
DA:46,1
DA:47,1
DA:48,1
DA:49,1
DA:50,25
DA:51,25
DA:52,25
DA:53,25
DA:54,25
DA:55,25
DA:56,1
DA:57,1
DA:58,1
DA:59,1
DA:60,1
DA:61,1
DA:62,1
DA:63,15
DA:64,15
DA:65,15
DA:66,15
DA:67,15
DA:68,1
DA:69,1
DA:70,1
DA:71,1
DA:72,1
DA:73,1
DA:74,1
DA:75,15
DA:76,15
DA:77,15
DA:78,15
DA:79,15
DA:80,1
DA:81,1
DA:82,1
DA:83,1
DA:84,1
DA:85,1
DA:86,1
DA:87,20
DA:88,20
DA:89,20
DA:90,20
DA:91,20
DA:92,1
DA:93,1
DA:94,1
DA:95,1
DA:96,1
DA:97,1
DA:98,1
DA:99,20
DA:100,20
DA:101,20
DA:102,20
DA:103,20
DA:104,20
DA:105,20
DA:106,1
DA:107,1
DA:108,1
DA:109,1
DA:110,1
DA:111,1
DA:112,1
DA:113,15
DA:114,15
DA:115,15
DA:116,15
DA:117,15
DA:118,15
DA:119,15
DA:120,1
DA:121,1
DA:122,1
DA:123,1
DA:124,1
DA:125,1
DA:126,1
DA:127,1
DA:128,1
DA:129,1
DA:130,1
DA:131,1
DA:132,1
DA:133,12
DA:134,12
DA:135,12
DA:136,12
DA:137,12
DA:138,12
DA:139,1
DA:140,1
DA:141,1
DA:142,1
DA:143,1
DA:144,1
DA:145,1
DA:146,8
DA:147,152
DA:148,152
DA:149,152
DA:150,152
DA:151,152
DA:152,152
DA:153,8
DA:154,1
DA:155,1
LH:155
LF:155
end_of_record
SF:tests/fixtures/nlQueryEvalSet.js
FNF:0
FNH:0
BRDA:1,0,0,1
BRF:1
BRH:1
DA:1,1
DA:2,1
DA:3,1
DA:4,1
DA:5,1
DA:6,1
DA:7,1
DA:8,1
DA:9,1
DA:10,1
DA:11,1
DA:12,1
DA:13,1
DA:14,1
DA:15,1
DA:16,1
DA:17,1
DA:18,1
DA:19,1
DA:20,1
DA:21,1
DA:22,1
DA:23,1
DA:24,1
DA:25,1
DA:26,1
DA:27,1
DA:28,1
DA:29,1
DA:30,1
DA:31,1
DA:32,1
DA:33,1
DA:34,1
DA:35,1
DA:36,1
DA:37,1
DA:38,1
DA:39,1
DA:40,1
DA:41,1
DA:42,1
DA:43,1
DA:44,1
DA:45,1
DA:46,1
DA:47,1
DA:48,1
DA:49,1
DA:50,1
DA:51,1
DA:52,1
DA:53,1
DA:54,1
DA:55,1
DA:56,1
DA:57,1
DA:58,1
DA:59,1
DA:60,1
DA:61,1
DA:62,1
DA:63,1
DA:64,1
DA:65,1
DA:66,1
DA:67,1
DA:68,1
DA:69,1
DA:70,1
DA:71,1
DA:72,1
DA:73,1
DA:74,1
DA:75,1
DA:76,1
DA:77,1
DA:78,1
DA:79,1
DA:80,1
DA:81,1
DA:82,1
DA:83,1
DA:84,1
DA:85,1
DA:86,1
DA:87,1
DA:88,1
DA:89,1
DA:90,1
DA:91,1
DA:92,1
DA:93,1
DA:94,1
DA:95,1
DA:96,1
DA:97,1
DA:98,1
DA:99,1
DA:100,1
DA:101,1
DA:102,1
DA:103,1
DA:104,1
DA:105,1
DA:106,1
DA:107,1
DA:108,1
DA:109,1
DA:110,1
DA:111,1
DA:112,1
DA:113,1
DA:114,1
DA:115,1
DA:116,1
DA:117,1
LH:117
LF:117
end_of_record
